Flow report for SDRAM_VGA_PIC
Thu Apr 14 18:33:56 2022
Quartus II 64-Bit Version 15.0.0 Build 145 04/22/2015 SJ Full Version


---------------------
; Table of Contents ;
---------------------
  1. Legal Notice
  2. Flow Summary
  3. Flow Settings
  4. Flow Non-Default Global Settings
  5. Flow Elapsed Time
  6. Flow OS Summary
  7. Flow Log
  8. Flow Messages
  9. Flow Suppressed Messages



----------------
; Legal Notice ;
----------------
Copyright (C) 1991-2015 Altera Corporation. All rights reserved.
Your use of Altera Corporation's design tools, logic functions 
and other software and tools, and its AMPP partner logic 
functions, and any output files from any of the foregoing 
(including device programming or simulation files), and any 
associated documentation or information are expressly subject 
to the terms and conditions of the Altera Program License 
Subscription Agreement, the Altera Quartus II License Agreement,
the Altera MegaCore Function License Agreement, or other 
applicable license agreement, including, without limitation, 
that your use is for the sole purpose of programming logic 
devices manufactured by Altera and sold by Altera or its 
authorized distributors.  Please refer to the applicable 
agreement for further details.



+----------------------------------------------------------------------------------+
; Flow Summary                                                                     ;
+------------------------------------+---------------------------------------------+
; Flow Status                        ; Successful - Thu Apr 14 18:33:56 2022       ;
; Quartus II 64-Bit Version          ; 15.0.0 Build 145 04/22/2015 SJ Full Version ;
; Revision Name                      ; SDRAM_VGA_PIC                               ;
; Top-level Entity Name              ; SDRAM_VGA_PIC                               ;
; Family                             ; Cyclone IV E                                ;
; Device                             ; EP4CE10F17C8                                ;
; Timing Models                      ; Final                                       ;
; Total logic elements               ; 2,610 / 10,320 ( 25 % )                     ;
;     Total combinational functions  ; 1,470 / 10,320 ( 14 % )                     ;
;     Dedicated logic registers      ; 2,130 / 10,320 ( 21 % )                     ;
; Total registers                    ; 2130                                        ;
; Total pins                         ; 60 / 180 ( 33 % )                           ;
; Total virtual pins                 ; 0                                           ;
; Total memory bits                  ; 226,304 / 423,936 ( 53 % )                  ;
; Embedded Multiplier 9-bit elements ; 0 / 46 ( 0 % )                              ;
; Total PLLs                         ; 2 / 2 ( 100 % )                             ;
+------------------------------------+---------------------------------------------+


+-----------------------------------------+
; Flow Settings                           ;
+-------------------+---------------------+
; Option            ; Setting             ;
+-------------------+---------------------+
; Start date & time ; 04/14/2022 18:32:50 ;
; Main task         ; Compilation         ;
; Revision Name     ; SDRAM_VGA_PIC       ;
+-------------------+---------------------+


+----------------------------------------------------------------------------------------------------------------------------------------------------------------------------------------------------------------------------------------------------------------------------------------------------------------------------------------------------------------------------------------------------------------------------+
; Flow Non-Default Global Settings                                                                                                                                                                                                                                                                                                                                                                                           ;
+--------------------------------------+------------------------------------------------------------------------------------------------------------------------------------------------------------------------------------------------------------------------------------------------------------------------------------------------------------------------------------+---------------+-------------+------------------+
; Assignment Name                      ; Value                                                                                                                                                                                                                                                                                                                              ; Default Value ; Entity Name ; Section Id       ;
+--------------------------------------+------------------------------------------------------------------------------------------------------------------------------------------------------------------------------------------------------------------------------------------------------------------------------------------------------------------------------------+---------------+-------------+------------------+
; COMPILER_SIGNATURE_ID                ; 186418500916.164993237037480                                                                                                                                                                                                                                                                                                       ; --            ; --          ; --               ;
; EDA_DESIGN_INSTANCE_NAME             ; NA                                                                                                                                                                                                                                                                                                                                 ; --            ; --          ; TB_SDRAM_VGA_PIC ;
; EDA_NATIVELINK_SIMULATION_TEST_BENCH ; TB_SDRAM_VGA_PIC                                                                                                                                                                                                                                                                                                                   ; --            ; --          ; eda_simulation   ;
; EDA_OUTPUT_DATA_FORMAT               ; Verilog Hdl                                                                                                                                                                                                                                                                                                                        ; --            ; --          ; eda_simulation   ;
; EDA_SIMULATION_TOOL                  ; ModelSim (Verilog)                                                                                                                                                                                                                                                                                                                 ; <None>        ; --          ; --               ;
; EDA_TEST_BENCH_ENABLE_STATUS         ; TEST_BENCH_MODE                                                                                                                                                                                                                                                                                                                    ; --            ; --          ; eda_simulation   ;
; EDA_TEST_BENCH_FILE                  ; ../sim/plane.txt                                                                                                                                                                                                                                                                                                                   ; --            ; --          ; TB_SDRAM_VGA_PIC ;
; EDA_TEST_BENCH_FILE                  ; ../sim/sdram_model_plus.v                                                                                                                                                                                                                                                                                                          ; --            ; --          ; TB_SDRAM_VGA_PIC ;
; EDA_TEST_BENCH_FILE                  ; ../sim/TB_SDRAM_VGA_PIC.v                                                                                                                                                                                                                                                                                                          ; --            ; --          ; TB_SDRAM_VGA_PIC ;
; EDA_TEST_BENCH_MODULE_NAME           ; TB_SDRAM_VGA_PIC                                                                                                                                                                                                                                                                                                                   ; --            ; --          ; TB_SDRAM_VGA_PIC ;
; EDA_TEST_BENCH_NAME                  ; TB_SDRAM_VGA_PIC                                                                                                                                                                                                                                                                                                                   ; --            ; --          ; eda_simulation   ;
; EDA_TEST_BENCH_RUN_SIM_FOR           ; 1 us                                                                                                                                                                                                                                                                                                                               ; --            ; --          ; TB_SDRAM_VGA_PIC ;
; EDA_TIME_SCALE                       ; 1 ps                                                                                                                                                                                                                                                                                                                               ; --            ; --          ; eda_simulation   ;
; ENABLE_SIGNALTAP                     ; On                                                                                                                                                                                                                                                                                                                                 ; --            ; --          ; --               ;
; MAX_CORE_JUNCTION_TEMP               ; 85                                                                                                                                                                                                                                                                                                                                 ; --            ; --          ; --               ;
; MIN_CORE_JUNCTION_TEMP               ; 0                                                                                                                                                                                                                                                                                                                                  ; --            ; --          ; --               ;
; MISC_FILE                            ; ip_core/sdram_fifo/sdram_fifo_inst.v                                                                                                                                                                                                                                                                                               ; --            ; --          ; --               ;
; MISC_FILE                            ; ip_core/clk_gen/CLK_GEN_inst.v                                                                                                                                                                                                                                                                                                     ; --            ; --          ; --               ;
; MISC_FILE                            ; ip_core/clk_gen/CLK_GEN.ppf                                                                                                                                                                                                                                                                                                        ; --            ; --          ; --               ;
; MISC_FILE                            ; ip_core/clk_gen/CLK_VGA_inst.v                                                                                                                                                                                                                                                                                                     ; --            ; --          ; --               ;
; MISC_FILE                            ; ip_core/clk_gen/CLK_VGA.ppf                                                                                                                                                                                                                                                                                                        ; --            ; --          ; --               ;
; NOMINAL_CORE_SUPPLY_VOLTAGE          ; 1.2V                                                                                                                                                                                                                                                                                                                               ; --            ; --          ; --               ;
; PARTITION_COLOR                      ; 16764057                                                                                                                                                                                                                                                                                                                           ; --            ; --          ; Top              ;
; PARTITION_FITTER_PRESERVATION_LEVEL  ; PLACEMENT_AND_ROUTING                                                                                                                                                                                                                                                                                                              ; --            ; --          ; Top              ;
; PARTITION_NETLIST_TYPE               ; SOURCE                                                                                                                                                                                                                                                                                                                             ; --            ; --          ; Top              ;
; POWER_BOARD_THERMAL_MODEL            ; None (CONSERVATIVE)                                                                                                                                                                                                                                                                                                                ; --            ; --          ; --               ;
; POWER_PRESET_COOLING_SOLUTION        ; 23 MM HEAT SINK WITH 200 LFPM AIRFLOW                                                                                                                                                                                                                                                                                              ; --            ; --          ; --               ;
; PROJECT_OUTPUT_DIRECTORY             ; output_files                                                                                                                                                                                                                                                                                                                       ; --            ; --          ; --               ;
; SLD_FILE                             ; db/vga_pic_auto_stripped.stp                                                                                                                                                                                                                                                                                                       ; --            ; --          ; --               ;
; SLD_NODE_CREATOR_ID                  ; 110                                                                                                                                                                                                                                                                                                                                ; --            ; --          ; auto_signaltap_0 ;
; SLD_NODE_ENTITY_NAME                 ; sld_signaltap                                                                                                                                                                                                                                                                                                                      ; --            ; --          ; auto_signaltap_0 ;
; SLD_NODE_PARAMETER_ASSIGNMENT        ; SLD_RAM_BLOCK_TYPE=AUTO                                                                                                                                                                                                                                                                                                            ; --            ; --          ; auto_signaltap_0 ;
; SLD_NODE_PARAMETER_ASSIGNMENT        ; SLD_NODE_INFO=805334528                                                                                                                                                                                                                                                                                                            ; --            ; --          ; auto_signaltap_0 ;
; SLD_NODE_PARAMETER_ASSIGNMENT        ; SLD_POWER_UP_TRIGGER=0                                                                                                                                                                                                                                                                                                             ; --            ; --          ; auto_signaltap_0 ;
; SLD_NODE_PARAMETER_ASSIGNMENT        ; SLD_STORAGE_QUALIFIER_INVERSION_MASK_LENGTH=0                                                                                                                                                                                                                                                                                      ; --            ; --          ; auto_signaltap_0 ;
; SLD_NODE_PARAMETER_ASSIGNMENT        ; SLD_SEGMENT_SIZE=1024                                                                                                                                                                                                                                                                                                              ; --            ; --          ; auto_signaltap_0 ;
; SLD_NODE_PARAMETER_ASSIGNMENT        ; SLD_ATTRIBUTE_MEM_MODE=OFF                                                                                                                                                                                                                                                                                                         ; --            ; --          ; auto_signaltap_0 ;
; SLD_NODE_PARAMETER_ASSIGNMENT        ; SLD_STATE_FLOW_USE_GENERATED=0                                                                                                                                                                                                                                                                                                     ; --            ; --          ; auto_signaltap_0 ;
; SLD_NODE_PARAMETER_ASSIGNMENT        ; SLD_STATE_BITS=11                                                                                                                                                                                                                                                                                                                  ; --            ; --          ; auto_signaltap_0 ;
; SLD_NODE_PARAMETER_ASSIGNMENT        ; SLD_BUFFER_FULL_STOP=1                                                                                                                                                                                                                                                                                                             ; --            ; --          ; auto_signaltap_0 ;
; SLD_NODE_PARAMETER_ASSIGNMENT        ; SLD_CURRENT_RESOURCE_WIDTH=1                                                                                                                                                                                                                                                                                                       ; --            ; --          ; auto_signaltap_0 ;
; SLD_NODE_PARAMETER_ASSIGNMENT        ; SLD_INCREMENTAL_ROUTING=1                                                                                                                                                                                                                                                                                                          ; --            ; --          ; auto_signaltap_0 ;
; SLD_NODE_PARAMETER_ASSIGNMENT        ; SLD_TRIGGER_LEVEL=1                                                                                                                                                                                                                                                                                                                ; --            ; --          ; auto_signaltap_0 ;
; SLD_NODE_PARAMETER_ASSIGNMENT        ; SLD_SAMPLE_DEPTH=1024                                                                                                                                                                                                                                                                                                              ; --            ; --          ; auto_signaltap_0 ;
; SLD_NODE_PARAMETER_ASSIGNMENT        ; SLD_TRIGGER_IN_ENABLED=0                                                                                                                                                                                                                                                                                                           ; --            ; --          ; auto_signaltap_0 ;
; SLD_NODE_PARAMETER_ASSIGNMENT        ; SLD_ADVANCED_TRIGGER_ENTITY=basic,1,                                                                                                                                                                                                                                                                                               ; --            ; --          ; auto_signaltap_0 ;
; SLD_NODE_PARAMETER_ASSIGNMENT        ; SLD_TRIGGER_LEVEL_PIPELINE=1                                                                                                                                                                                                                                                                                                       ; --            ; --          ; auto_signaltap_0 ;
; SLD_NODE_PARAMETER_ASSIGNMENT        ; SLD_ENABLE_ADVANCED_TRIGGER=0                                                                                                                                                                                                                                                                                                      ; --            ; --          ; auto_signaltap_0 ;
; SLD_NODE_PARAMETER_ASSIGNMENT        ; SLD_DATA_BITS=93                                                                                                                                                                                                                                                                                                                   ; --            ; --          ; auto_signaltap_0 ;
; SLD_NODE_PARAMETER_ASSIGNMENT        ; SLD_TRIGGER_BITS=93                                                                                                                                                                                                                                                                                                                ; --            ; --          ; auto_signaltap_0 ;
; SLD_NODE_PARAMETER_ASSIGNMENT        ; SLD_STORAGE_QUALIFIER_BITS=93                                                                                                                                                                                                                                                                                                      ; --            ; --          ; auto_signaltap_0 ;
; SLD_NODE_PARAMETER_ASSIGNMENT        ; SLD_INVERSION_MASK=000000000000000000000000000000000000000000000000000000000000000000000000000000000000000000000000000000000000000000000000000000000000000000000000000000000000000000000000000000000000000000000000000000000000000000000000000000000000000000000000000000000000000000000000000000000000000000000000000000000000000 ; --            ; --          ; auto_signaltap_0 ;
; SLD_NODE_PARAMETER_ASSIGNMENT        ; SLD_INVERSION_MASK_LENGTH=303                                                                                                                                                                                                                                                                                                      ; --            ; --          ; auto_signaltap_0 ;
; USE_SIGNALTAP_FILE                   ; output_files/vga_pic.stp                                                                                                                                                                                                                                                                                                           ; --            ; --          ; --               ;
+--------------------------------------+------------------------------------------------------------------------------------------------------------------------------------------------------------------------------------------------------------------------------------------------------------------------------------------------------------------------------------+---------------+-------------+------------------+


+-------------------------------------------------------------------------------------------------------------------------------+
; Flow Elapsed Time                                                                                                             ;
+---------------------------+--------------+-------------------------+---------------------+------------------------------------+
; Module Name               ; Elapsed Time ; Average Processors Used ; Peak Virtual Memory ; Total CPU Time (on all processors) ;
+---------------------------+--------------+-------------------------+---------------------+------------------------------------+
; Analysis & Synthesis      ; 00:00:27     ; 1.0                     ; 4966 MB             ; 00:00:44                           ;
; Fitter                    ; 00:00:24     ; 4.7                     ; 6298 MB             ; 00:00:54                           ;
; Assembler                 ; 00:00:01     ; 1.0                     ; 4752 MB             ; 00:00:01                           ;
; TimeQuest Timing Analyzer ; 00:00:03     ; 1.0                     ; 4980 MB             ; 00:00:03                           ;
; EDA Netlist Writer        ; 00:00:04     ; 1.0                     ; 4746 MB             ; 00:00:03                           ;
; Total                     ; 00:00:59     ; --                      ; --                  ; 00:01:45                           ;
+---------------------------+--------------+-------------------------+---------------------+------------------------------------+


+----------------------------------------------------------------------------------------+
; Flow OS Summary                                                                        ;
+---------------------------+------------------+-----------+------------+----------------+
; Module Name               ; Machine Hostname ; OS Name   ; OS Version ; Processor type ;
+---------------------------+------------------+-----------+------------+----------------+
; Analysis & Synthesis      ; WINDOWS-LUUTAQT  ; Windows 7 ; 6.2        ; x86_64         ;
; Fitter                    ; WINDOWS-LUUTAQT  ; Windows 7 ; 6.2        ; x86_64         ;
; Assembler                 ; WINDOWS-LUUTAQT  ; Windows 7 ; 6.2        ; x86_64         ;
; TimeQuest Timing Analyzer ; WINDOWS-LUUTAQT  ; Windows 7 ; 6.2        ; x86_64         ;
; EDA Netlist Writer        ; WINDOWS-LUUTAQT  ; Windows 7 ; 6.2        ; x86_64         ;
+---------------------------+------------------+-----------+------------+----------------+


------------
; Flow Log ;
------------
quartus_map --read_settings_files=on --write_settings_files=off SDRAM_VGA_PIC -c SDRAM_VGA_PIC
quartus_fit --read_settings_files=off --write_settings_files=off SDRAM_VGA_PIC -c SDRAM_VGA_PIC
quartus_asm --read_settings_files=off --write_settings_files=off SDRAM_VGA_PIC -c SDRAM_VGA_PIC
quartus_sta SDRAM_VGA_PIC -c SDRAM_VGA_PIC
quartus_eda --read_settings_files=off --write_settings_files=off SDRAM_VGA_PIC -c SDRAM_VGA_PIC



