Flow report for sdram
Mon Apr 11 16:54:45 2022
Quartus II 64-Bit Version 15.0.0 Build 145 04/22/2015 SJ Full Version


---------------------
; Table of Contents ;
---------------------
  1. Legal Notice
  2. Flow Summary
  3. Flow Settings
  4. Flow Non-Default Global Settings
  5. Flow Elapsed Time
  6. Flow OS Summary
  7. Flow Log
  8. Flow Messages
  9. Flow Suppressed Messages



----------------
; Legal Notice ;
----------------
Copyright (C) 1991-2015 Altera Corporation. All rights reserved.
Your use of Altera Corporation's design tools, logic functions 
and other software and tools, and its AMPP partner logic 
functions, and any output files from any of the foregoing 
(including device programming or simulation files), and any 
associated documentation or information are expressly subject 
to the terms and conditions of the Altera Program License 
Subscription Agreement, the Altera Quartus II License Agreement,
the Altera MegaCore Function License Agreement, or other 
applicable license agreement, including, without limitation, 
that your use is for the sole purpose of programming logic 
devices manufactured by Altera and sold by Altera or its 
authorized distributors.  Please refer to the applicable 
agreement for further details.



+----------------------------------------------------------------------------------+
; Flow Summary                                                                     ;
+------------------------------------+---------------------------------------------+
; Flow Status                        ; Successful - Mon Apr 11 16:54:45 2022       ;
; Quartus II 64-Bit Version          ; 15.0.0 Build 145 04/22/2015 SJ Full Version ;
; Revision Name                      ; sdram                                       ;
; Top-level Entity Name              ; UART_SDRAM                                  ;
; Family                             ; Cyclone IV E                                ;
; Device                             ; EP4CE10F17C8                                ;
; Timing Models                      ; Final                                       ;
; Total logic elements               ; 2,279 / 10,320 ( 22 % )                     ;
;     Total combinational functions  ; 1,381 / 10,320 ( 13 % )                     ;
;     Dedicated logic registers      ; 1,851 / 10,320 ( 18 % )                     ;
; Total registers                    ; 1851                                        ;
; Total pins                         ; 43 / 180 ( 24 % )                           ;
; Total virtual pins                 ; 0                                           ;
; Total memory bits                  ; 319,488 / 423,936 ( 75 % )                  ;
; Embedded Multiplier 9-bit elements ; 0 / 46 ( 0 % )                              ;
; Total PLLs                         ; 1 / 2 ( 50 % )                              ;
+------------------------------------+---------------------------------------------+


+-----------------------------------------+
; Flow Settings                           ;
+-------------------+---------------------+
; Option            ; Setting             ;
+-------------------+---------------------+
; Start date & time ; 04/11/2022 16:54:00 ;
; Main task         ; Compilation         ;
; Revision Name     ; sdram               ;
+-------------------+---------------------+


+---------------------------------------------------------------------------------------------------------------------------------------------------------------------------------------------------------------------------------------------------------------------------------------------------------------------------------------------------+
; Flow Non-Default Global Settings                                                                                                                                                                                                                                                                                                                  ;
+--------------------------------------+-----------------------------------------------------------------------------------------------------------------------------------------------------------------------------------------------------------------------------------------------------------+---------------+-------------+------------------+
; Assignment Name                      ; Value                                                                                                                                                                                                                                                     ; Default Value ; Entity Name ; Section Id       ;
+--------------------------------------+-----------------------------------------------------------------------------------------------------------------------------------------------------------------------------------------------------------------------------------------------------------+---------------+-------------+------------------+
; COMPILER_SIGNATURE_ID                ; 186418500916.164966724014428                                                                                                                                                                                                                              ; --            ; --          ; --               ;
; EDA_DESIGN_INSTANCE_NAME             ; NA                                                                                                                                                                                                                                                        ; --            ; --          ; TB_SDRAM_CTRL    ;
; EDA_DESIGN_INSTANCE_NAME             ; NA                                                                                                                                                                                                                                                        ; --            ; --          ; TB_UART_SDRAM    ;
; EDA_DESIGN_INSTANCE_NAME             ; NA                                                                                                                                                                                                                                                        ; --            ; --          ; TB_SDRAM_WR      ;
; EDA_DESIGN_INSTANCE_NAME             ; NA                                                                                                                                                                                                                                                        ; --            ; --          ; TB_SDRAM_AREF    ;
; EDA_DESIGN_INSTANCE_NAME             ; NA                                                                                                                                                                                                                                                        ; --            ; --          ; TB_SDRAM_INIT    ;
; EDA_DESIGN_INSTANCE_NAME             ; NA                                                                                                                                                                                                                                                        ; --            ; --          ; TB_SDRAM         ;
; EDA_DESIGN_INSTANCE_NAME             ; NA                                                                                                                                                                                                                                                        ; --            ; --          ; TB_SDRAM_RD      ;
; EDA_NATIVELINK_SIMULATION_TEST_BENCH ; TB_UART_SDRAM                                                                                                                                                                                                                                             ; --            ; --          ; eda_simulation   ;
; EDA_OUTPUT_DATA_FORMAT               ; Verilog Hdl                                                                                                                                                                                                                                               ; --            ; --          ; eda_simulation   ;
; EDA_SIMULATION_TOOL                  ; ModelSim (Verilog)                                                                                                                                                                                                                                        ; <None>        ; --          ; --               ;
; EDA_TEST_BENCH_ENABLE_STATUS         ; TEST_BENCH_MODE                                                                                                                                                                                                                                           ; --            ; --          ; eda_simulation   ;
; EDA_TEST_BENCH_FILE                  ; ../sim/sdram_model_plus.v                                                                                                                                                                                                                                 ; --            ; --          ; TB_SDRAM_CTRL    ;
; EDA_TEST_BENCH_FILE                  ; ../sim/TB_SDRAM_AREF.v                                                                                                                                                                                                                                    ; --            ; --          ; TB_SDRAM_CTRL    ;
; EDA_TEST_BENCH_FILE                  ; ../sim/TB_SDRAM_CTRL.v                                                                                                                                                                                                                                    ; --            ; --          ; TB_SDRAM_CTRL    ;
; EDA_TEST_BENCH_FILE                  ; ../sim/TB_SDRAM_INIT.V                                                                                                                                                                                                                                    ; --            ; --          ; TB_SDRAM_CTRL    ;
; EDA_TEST_BENCH_FILE                  ; ../sim/TB_SDRAM_RD.v                                                                                                                                                                                                                                      ; --            ; --          ; TB_SDRAM_CTRL    ;
; EDA_TEST_BENCH_FILE                  ; ../sim/TB_SDRAM_WR.v                                                                                                                                                                                                                                      ; --            ; --          ; TB_SDRAM_CTRL    ;
; EDA_TEST_BENCH_FILE                  ; ip_core/clk_gen/clk_gen.v                                                                                                                                                                                                                                 ; --            ; --          ; TB_SDRAM_CTRL    ;
; EDA_TEST_BENCH_FILE                  ; ../sim/TB_UART_SDRAM.v                                                                                                                                                                                                                                    ; --            ; --          ; TB_UART_SDRAM    ;
; EDA_TEST_BENCH_FILE                  ; ../sim/data.txt                                                                                                                                                                                                                                           ; --            ; --          ; TB_UART_SDRAM    ;
; EDA_TEST_BENCH_FILE                  ; ../sim/sdram_model_plus.v                                                                                                                                                                                                                                 ; --            ; --          ; TB_UART_SDRAM    ;
; EDA_TEST_BENCH_FILE                  ; ../rtl/FIFO_READ.v                                                                                                                                                                                                                                        ; --            ; --          ; TB_UART_SDRAM    ;
; EDA_TEST_BENCH_FILE                  ; ../rtl/SDRAM.v                                                                                                                                                                                                                                            ; --            ; --          ; TB_UART_SDRAM    ;
; EDA_TEST_BENCH_FILE                  ; ../rtl/SDRAM_ARBIT.v                                                                                                                                                                                                                                      ; --            ; --          ; TB_UART_SDRAM    ;
; EDA_TEST_BENCH_FILE                  ; ../rtl/SDRAM_AREF.v                                                                                                                                                                                                                                       ; --            ; --          ; TB_UART_SDRAM    ;
; EDA_TEST_BENCH_FILE                  ; ../rtl/SDRAM_CTRL.v                                                                                                                                                                                                                                       ; --            ; --          ; TB_UART_SDRAM    ;
; EDA_TEST_BENCH_FILE                  ; ../rtl/SDRAM_FIFO.v                                                                                                                                                                                                                                       ; --            ; --          ; TB_UART_SDRAM    ;
; EDA_TEST_BENCH_FILE                  ; ../rtl/SDRAM_INIT.v                                                                                                                                                                                                                                       ; --            ; --          ; TB_UART_SDRAM    ;
; EDA_TEST_BENCH_FILE                  ; ../rtl/SDRAM_RD.v                                                                                                                                                                                                                                         ; --            ; --          ; TB_UART_SDRAM    ;
; EDA_TEST_BENCH_FILE                  ; ../rtl/SDRAM_WR.v                                                                                                                                                                                                                                         ; --            ; --          ; TB_UART_SDRAM    ;
; EDA_TEST_BENCH_FILE                  ; ../rtl/UART_SDRAM.v                                                                                                                                                                                                                                       ; --            ; --          ; TB_UART_SDRAM    ;
; EDA_TEST_BENCH_FILE                  ; ../sim/TB_SDRAM_WR.v                                                                                                                                                                                                                                      ; --            ; --          ; TB_SDRAM_WR      ;
; EDA_TEST_BENCH_FILE                  ; ../rtl/SDRAM_INIT.v                                                                                                                                                                                                                                       ; --            ; --          ; TB_SDRAM_WR      ;
; EDA_TEST_BENCH_FILE                  ; ../rtl/SDRAM_WR.v                                                                                                                                                                                                                                         ; --            ; --          ; TB_SDRAM_WR      ;
; EDA_TEST_BENCH_FILE                  ; ../sim/sdram_model_plus.v                                                                                                                                                                                                                                 ; --            ; --          ; TB_SDRAM_WR      ;
; EDA_TEST_BENCH_FILE                  ; ip_core/clk_gen/clk_gen.v                                                                                                                                                                                                                                 ; --            ; --          ; TB_SDRAM_WR      ;
; EDA_TEST_BENCH_FILE                  ; ../sim/TB_SDRAM_AREF.v                                                                                                                                                                                                                                    ; --            ; --          ; TB_SDRAM_AREF    ;
; EDA_TEST_BENCH_FILE                  ; ../sim/sdram_model_plus.v                                                                                                                                                                                                                                 ; --            ; --          ; TB_SDRAM_AREF    ;
; EDA_TEST_BENCH_FILE                  ; ip_core/clk_gen/clk_gen.v                                                                                                                                                                                                                                 ; --            ; --          ; TB_SDRAM_AREF    ;
; EDA_TEST_BENCH_FILE                  ; ../rtl/SDRAM_INIT.v                                                                                                                                                                                                                                       ; --            ; --          ; TB_SDRAM_AREF    ;
; EDA_TEST_BENCH_FILE                  ; ../sim/sdram_model_plus.v                                                                                                                                                                                                                                 ; --            ; --          ; TB_SDRAM_INIT    ;
; EDA_TEST_BENCH_FILE                  ; ../sim/TB_SDRAM_INIT.V                                                                                                                                                                                                                                    ; --            ; --          ; TB_SDRAM_INIT    ;
; EDA_TEST_BENCH_FILE                  ; ip_core/clk_gen/clk_gen.v                                                                                                                                                                                                                                 ; --            ; --          ; TB_SDRAM_INIT    ;
; EDA_TEST_BENCH_FILE                  ; ../sim/TB_SDRAM.v                                                                                                                                                                                                                                         ; --            ; --          ; TB_SDRAM         ;
; EDA_TEST_BENCH_FILE                  ; ../sim/sdram_model_plus.v                                                                                                                                                                                                                                 ; --            ; --          ; TB_SDRAM         ;
; EDA_TEST_BENCH_FILE                  ; ../rtl/SDRAM.v                                                                                                                                                                                                                                            ; --            ; --          ; TB_SDRAM         ;
; EDA_TEST_BENCH_FILE                  ; ../rtl/SDRAM_ARBIT.v                                                                                                                                                                                                                                      ; --            ; --          ; TB_SDRAM         ;
; EDA_TEST_BENCH_FILE                  ; ../rtl/SDRAM_AREF.v                                                                                                                                                                                                                                       ; --            ; --          ; TB_SDRAM         ;
; EDA_TEST_BENCH_FILE                  ; ../rtl/SDRAM_CTRL.v                                                                                                                                                                                                                                       ; --            ; --          ; TB_SDRAM         ;
; EDA_TEST_BENCH_FILE                  ; ../rtl/SDRAM_FIFO.v                                                                                                                                                                                                                                       ; --            ; --          ; TB_SDRAM         ;
; EDA_TEST_BENCH_FILE                  ; ../rtl/SDRAM_INIT.v                                                                                                                                                                                                                                       ; --            ; --          ; TB_SDRAM         ;
; EDA_TEST_BENCH_FILE                  ; ../rtl/SDRAM_RD.v                                                                                                                                                                                                                                         ; --            ; --          ; TB_SDRAM         ;
; EDA_TEST_BENCH_FILE                  ; ../rtl/SDRAM_WR.v                                                                                                                                                                                                                                         ; --            ; --          ; TB_SDRAM         ;
; EDA_TEST_BENCH_FILE                  ; ip_core/clk_gen/clk_gen.v                                                                                                                                                                                                                                 ; --            ; --          ; TB_SDRAM         ;
; EDA_TEST_BENCH_FILE                  ; ip_core/sdram_fifo/sdram_fifo.v                                                                                                                                                                                                                           ; --            ; --          ; TB_SDRAM         ;
; EDA_TEST_BENCH_FILE                  ; ../sim/TB_SDRAM_RD.v                                                                                                                                                                                                                                      ; --            ; --          ; TB_SDRAM_RD      ;
; EDA_TEST_BENCH_FILE                  ; ../sim/sdram_model_plus.v                                                                                                                                                                                                                                 ; --            ; --          ; TB_SDRAM_RD      ;
; EDA_TEST_BENCH_FILE                  ; ../rtl/SDRAM_WR.v                                                                                                                                                                                                                                         ; --            ; --          ; TB_SDRAM_RD      ;
; EDA_TEST_BENCH_FILE                  ; ../rtl/SDRAM_RD.v                                                                                                                                                                                                                                         ; --            ; --          ; TB_SDRAM_RD      ;
; EDA_TEST_BENCH_FILE                  ; ../rtl/SDRAM_INIT.v                                                                                                                                                                                                                                       ; --            ; --          ; TB_SDRAM_RD      ;
; EDA_TEST_BENCH_FILE                  ; ip_core/clk_gen/clk_gen.v                                                                                                                                                                                                                                 ; --            ; --          ; TB_SDRAM_RD      ;
; EDA_TEST_BENCH_MODULE_NAME           ; TB_SDRAM_CTRL                                                                                                                                                                                                                                             ; --            ; --          ; TB_SDRAM_CTRL    ;
; EDA_TEST_BENCH_MODULE_NAME           ; TB_UART_SDRAM                                                                                                                                                                                                                                             ; --            ; --          ; TB_UART_SDRAM    ;
; EDA_TEST_BENCH_MODULE_NAME           ; TB_SDRAM_WR                                                                                                                                                                                                                                               ; --            ; --          ; TB_SDRAM_WR      ;
; EDA_TEST_BENCH_MODULE_NAME           ; TB_SDRAM_AREF                                                                                                                                                                                                                                             ; --            ; --          ; TB_SDRAM_AREF    ;
; EDA_TEST_BENCH_MODULE_NAME           ; TB_SDRAM_INIT                                                                                                                                                                                                                                             ; --            ; --          ; TB_SDRAM_INIT    ;
; EDA_TEST_BENCH_MODULE_NAME           ; TB_SDRAM                                                                                                                                                                                                                                                  ; --            ; --          ; TB_SDRAM         ;
; EDA_TEST_BENCH_MODULE_NAME           ; TB_SDRAM_RD                                                                                                                                                                                                                                               ; --            ; --          ; TB_SDRAM_RD      ;
; EDA_TEST_BENCH_NAME                  ; TB_SDRAM_INIT                                                                                                                                                                                                                                             ; --            ; --          ; eda_simulation   ;
; EDA_TEST_BENCH_NAME                  ; TB_SDRAM_AREF                                                                                                                                                                                                                                             ; --            ; --          ; eda_simulation   ;
; EDA_TEST_BENCH_NAME                  ; TB_SDRAM_WR                                                                                                                                                                                                                                               ; --            ; --          ; eda_simulation   ;
; EDA_TEST_BENCH_NAME                  ; TB_SDRAM_RD                                                                                                                                                                                                                                               ; --            ; --          ; eda_simulation   ;
; EDA_TEST_BENCH_NAME                  ; TB_SDRAM_CTRL                                                                                                                                                                                                                                             ; --            ; --          ; eda_simulation   ;
; EDA_TEST_BENCH_NAME                  ; TB_SDRAM                                                                                                                                                                                                                                                  ; --            ; --          ; eda_simulation   ;
; EDA_TEST_BENCH_NAME                  ; TB_UART_SDRAM                                                                                                                                                                                                                                             ; --            ; --          ; eda_simulation   ;
; EDA_TEST_BENCH_RUN_SIM_FOR           ; 1 us                                                                                                                                                                                                                                                      ; --            ; --          ; TB_SDRAM_CTRL    ;
; EDA_TEST_BENCH_RUN_SIM_FOR           ; 1 us                                                                                                                                                                                                                                                      ; --            ; --          ; TB_UART_SDRAM    ;
; EDA_TEST_BENCH_RUN_SIM_FOR           ; 1 us                                                                                                                                                                                                                                                      ; --            ; --          ; TB_SDRAM_WR      ;
; EDA_TEST_BENCH_RUN_SIM_FOR           ; 1 us                                                                                                                                                                                                                                                      ; --            ; --          ; TB_SDRAM_AREF    ;
; EDA_TEST_BENCH_RUN_SIM_FOR           ; 1 us                                                                                                                                                                                                                                                      ; --            ; --          ; TB_SDRAM_INIT    ;
; EDA_TEST_BENCH_RUN_SIM_FOR           ; 1 us                                                                                                                                                                                                                                                      ; --            ; --          ; TB_SDRAM         ;
; EDA_TEST_BENCH_RUN_SIM_FOR           ; 1 us                                                                                                                                                                                                                                                      ; --            ; --          ; TB_SDRAM_RD      ;
; EDA_TIME_SCALE                       ; 1 ps                                                                                                                                                                                                                                                      ; --            ; --          ; eda_simulation   ;
; ENABLE_SIGNALTAP                     ; On                                                                                                                                                                                                                                                        ; --            ; --          ; --               ;
; MAX_CORE_JUNCTION_TEMP               ; 85                                                                                                                                                                                                                                                        ; --            ; --          ; --               ;
; MIN_CORE_JUNCTION_TEMP               ; 0                                                                                                                                                                                                                                                         ; --            ; --          ; --               ;
; MISC_FILE                            ; ip_core/clk_gen/clk_gen_inst.v                                                                                                                                                                                                                            ; --            ; --          ; --               ;
; MISC_FILE                            ; ip_core/clk_gen/clk_gen.ppf                                                                                                                                                                                                                               ; --            ; --          ; --               ;
; MISC_FILE                            ; ip_core/sdram_fifo/sdram_fifo_inst.v                                                                                                                                                                                                                      ; --            ; --          ; --               ;
; MISC_FILE                            ; ip_core/read_fifo/read_fifo_inst.v                                                                                                                                                                                                                        ; --            ; --          ; --               ;
; NOMINAL_CORE_SUPPLY_VOLTAGE          ; 1.2V                                                                                                                                                                                                                                                      ; --            ; --          ; --               ;
; PARTITION_COLOR                      ; 16764057                                                                                                                                                                                                                                                  ; --            ; UART_SDRAM  ; Top              ;
; PARTITION_FITTER_PRESERVATION_LEVEL  ; PLACEMENT_AND_ROUTING                                                                                                                                                                                                                                     ; --            ; UART_SDRAM  ; Top              ;
; PARTITION_NETLIST_TYPE               ; SOURCE                                                                                                                                                                                                                                                    ; --            ; UART_SDRAM  ; Top              ;
; POWER_BOARD_THERMAL_MODEL            ; None (CONSERVATIVE)                                                                                                                                                                                                                                       ; --            ; --          ; --               ;
; POWER_PRESET_COOLING_SOLUTION        ; 23 MM HEAT SINK WITH 200 LFPM AIRFLOW                                                                                                                                                                                                                     ; --            ; --          ; --               ;
; PROJECT_OUTPUT_DIRECTORY             ; output_files                                                                                                                                                                                                                                              ; --            ; --          ; --               ;
; SLD_FILE                             ; db/sdram_auto_stripped.stp                                                                                                                                                                                                                                ; --            ; --          ; --               ;
; SLD_NODE_CREATOR_ID                  ; 110                                                                                                                                                                                                                                                       ; --            ; --          ; auto_signaltap_0 ;
; SLD_NODE_ENTITY_NAME                 ; sld_signaltap                                                                                                                                                                                                                                             ; --            ; --          ; auto_signaltap_0 ;
; SLD_NODE_PARAMETER_ASSIGNMENT        ; SLD_RAM_BLOCK_TYPE=AUTO                                                                                                                                                                                                                                   ; --            ; --          ; auto_signaltap_0 ;
; SLD_NODE_PARAMETER_ASSIGNMENT        ; SLD_NODE_INFO=805334528                                                                                                                                                                                                                                   ; --            ; --          ; auto_signaltap_0 ;
; SLD_NODE_PARAMETER_ASSIGNMENT        ; SLD_POWER_UP_TRIGGER=0                                                                                                                                                                                                                                    ; --            ; --          ; auto_signaltap_0 ;
; SLD_NODE_PARAMETER_ASSIGNMENT        ; SLD_STORAGE_QUALIFIER_INVERSION_MASK_LENGTH=0                                                                                                                                                                                                             ; --            ; --          ; auto_signaltap_0 ;
; SLD_NODE_PARAMETER_ASSIGNMENT        ; SLD_SEGMENT_SIZE=4096                                                                                                                                                                                                                                     ; --            ; --          ; auto_signaltap_0 ;
; SLD_NODE_PARAMETER_ASSIGNMENT        ; SLD_ATTRIBUTE_MEM_MODE=OFF                                                                                                                                                                                                                                ; --            ; --          ; auto_signaltap_0 ;
; SLD_NODE_PARAMETER_ASSIGNMENT        ; SLD_STATE_FLOW_USE_GENERATED=0                                                                                                                                                                                                                            ; --            ; --          ; auto_signaltap_0 ;
; SLD_NODE_PARAMETER_ASSIGNMENT        ; SLD_STATE_BITS=11                                                                                                                                                                                                                                         ; --            ; --          ; auto_signaltap_0 ;
; SLD_NODE_PARAMETER_ASSIGNMENT        ; SLD_BUFFER_FULL_STOP=1                                                                                                                                                                                                                                    ; --            ; --          ; auto_signaltap_0 ;
; SLD_NODE_PARAMETER_ASSIGNMENT        ; SLD_CURRENT_RESOURCE_WIDTH=1                                                                                                                                                                                                                              ; --            ; --          ; auto_signaltap_0 ;
; SLD_NODE_PARAMETER_ASSIGNMENT        ; SLD_INCREMENTAL_ROUTING=1                                                                                                                                                                                                                                 ; --            ; --          ; auto_signaltap_0 ;
; SLD_NODE_PARAMETER_ASSIGNMENT        ; SLD_TRIGGER_LEVEL=1                                                                                                                                                                                                                                       ; --            ; --          ; auto_signaltap_0 ;
; SLD_NODE_PARAMETER_ASSIGNMENT        ; SLD_SAMPLE_DEPTH=4096                                                                                                                                                                                                                                     ; --            ; --          ; auto_signaltap_0 ;
; SLD_NODE_PARAMETER_ASSIGNMENT        ; SLD_TRIGGER_IN_ENABLED=0                                                                                                                                                                                                                                  ; --            ; --          ; auto_signaltap_0 ;
; SLD_NODE_PARAMETER_ASSIGNMENT        ; SLD_ADVANCED_TRIGGER_ENTITY=basic,1,                                                                                                                                                                                                                      ; --            ; --          ; auto_signaltap_0 ;
; SLD_NODE_PARAMETER_ASSIGNMENT        ; SLD_TRIGGER_LEVEL_PIPELINE=1                                                                                                                                                                                                                              ; --            ; --          ; auto_signaltap_0 ;
; SLD_NODE_PARAMETER_ASSIGNMENT        ; SLD_ENABLE_ADVANCED_TRIGGER=0                                                                                                                                                                                                                             ; --            ; --          ; auto_signaltap_0 ;
; SLD_NODE_PARAMETER_ASSIGNMENT        ; SLD_DATA_BITS=68                                                                                                                                                                                                                                          ; --            ; --          ; auto_signaltap_0 ;
; SLD_NODE_PARAMETER_ASSIGNMENT        ; SLD_TRIGGER_BITS=68                                                                                                                                                                                                                                       ; --            ; --          ; auto_signaltap_0 ;
; SLD_NODE_PARAMETER_ASSIGNMENT        ; SLD_STORAGE_QUALIFIER_BITS=68                                                                                                                                                                                                                             ; --            ; --          ; auto_signaltap_0 ;
; SLD_NODE_PARAMETER_ASSIGNMENT        ; SLD_INVERSION_MASK=00000000000000000000000000000000000000000000000000000000000000000000000000000000000000000000000000000000000000000000000000000000000000000000000000000000000000000000000000000000000000000000000000000000000000000000000000000000000000 ; --            ; --          ; auto_signaltap_0 ;
; SLD_NODE_PARAMETER_ASSIGNMENT        ; SLD_INVERSION_MASK_LENGTH=230                                                                                                                                                                                                                             ; --            ; --          ; auto_signaltap_0 ;
; TOP_LEVEL_ENTITY                     ; UART_SDRAM                                                                                                                                                                                                                                                ; sdram         ; --          ; --               ;
; USE_SIGNALTAP_FILE                   ; output_files/sdram.stp                                                                                                                                                                                                                                    ; --            ; --          ; --               ;
+--------------------------------------+-----------------------------------------------------------------------------------------------------------------------------------------------------------------------------------------------------------------------------------------------------------+---------------+-------------+------------------+


+-------------------------------------------------------------------------------------------------------------------------------+
; Flow Elapsed Time                                                                                                             ;
+---------------------------+--------------+-------------------------+---------------------+------------------------------------+
; Module Name               ; Elapsed Time ; Average Processors Used ; Peak Virtual Memory ; Total CPU Time (on all processors) ;
+---------------------------+--------------+-------------------------+---------------------+------------------------------------+
; Analysis & Synthesis      ; 00:00:23     ; 1.0                     ; 4959 MB             ; 00:00:42                           ;
; Fitter                    ; 00:00:08     ; 1.0                     ; 6285 MB             ; 00:00:12                           ;
; Assembler                 ; 00:00:01     ; 1.0                     ; 4747 MB             ; 00:00:01                           ;
; TimeQuest Timing Analyzer ; 00:00:03     ; 1.0                     ; 4980 MB             ; 00:00:03                           ;
; EDA Netlist Writer        ; 00:00:03     ; 1.0                     ; 4743 MB             ; 00:00:03                           ;
; Total                     ; 00:00:38     ; --                      ; --                  ; 00:01:01                           ;
+---------------------------+--------------+-------------------------+---------------------+------------------------------------+


+----------------------------------------------------------------------------------------+
; Flow OS Summary                                                                        ;
+---------------------------+------------------+-----------+------------+----------------+
; Module Name               ; Machine Hostname ; OS Name   ; OS Version ; Processor type ;
+---------------------------+------------------+-----------+------------+----------------+
; Analysis & Synthesis      ; WINDOWS-LUUTAQT  ; Windows 7 ; 6.2        ; x86_64         ;
; Fitter                    ; WINDOWS-LUUTAQT  ; Windows 7 ; 6.2        ; x86_64         ;
; Assembler                 ; WINDOWS-LUUTAQT  ; Windows 7 ; 6.2        ; x86_64         ;
; TimeQuest Timing Analyzer ; WINDOWS-LUUTAQT  ; Windows 7 ; 6.2        ; x86_64         ;
; EDA Netlist Writer        ; WINDOWS-LUUTAQT  ; Windows 7 ; 6.2        ; x86_64         ;
+---------------------------+------------------+-----------+------------+----------------+


------------
; Flow Log ;
------------
quartus_map --read_settings_files=on --write_settings_files=off sdram -c sdram
quartus_fit --read_settings_files=off --write_settings_files=off sdram -c sdram
quartus_asm --read_settings_files=off --write_settings_files=off sdram -c sdram
quartus_sta sdram -c sdram
quartus_eda --read_settings_files=off --write_settings_files=off sdram -c sdram



