Copyright 1986-2019 Xilinx, Inc. All Rights Reserved.
------------------------------------------------------------------------------------------
| Tool Version : Vivado v.2019.2 (win64) Build 2708876 Wed Nov  6 21:40:23 MST 2019
| Date         : Tue Aug  9 11:29:01 2022
| Host         : WINDOWS-LUUTAQT running 64-bit major release  (build 9200)
| Command      : report_control_sets -verbose -file hdmi_colorbar_control_sets_placed.rpt
| Design       : hdmi_colorbar
| Device       : xc7z020
------------------------------------------------------------------------------------------

Control Set Information

Table of Contents
-----------------
1. Summary
2. Histogram
3. Flip-Flop Distribution
4. Detailed Control Set Information

1. Summary
----------

+----------------------------------------------------------+-------+
|                          Status                          | Count |
+----------------------------------------------------------+-------+
| Total control sets                                       |     4 |
|    Minimum number of control sets                        |     4 |
|    Addition due to synthesis replication                 |     0 |
|    Addition due to physical synthesis replication        |     0 |
| Unused register locations in slices containing registers |    19 |
+----------------------------------------------------------+-------+
* Control sets can be merged at opt_design using control_set_merge or merge_equivalent_drivers
** Run report_qor_suggestions for automated merging and remapping suggestions


2. Histogram
------------

+--------------------+-------+
|       Fanout       | Count |
+--------------------+-------+
| Total control sets |     4 |
| >= 0 to < 4        |     0 |
| >= 4 to < 6        |     1 |
| >= 6 to < 8        |     0 |
| >= 8 to < 10       |     0 |
| >= 10 to < 12      |     1 |
| >= 12 to < 14      |     0 |
| >= 14 to < 16      |     0 |
| >= 16              |     2 |
+--------------------+-------+
* Control sets can be remapped at either synth_design or opt_design


3. Flip-Flop Distribution
-------------------------

+--------------+-----------------------+------------------------+-----------------+--------------+
| Clock Enable | Synchronous Set/Reset | Asynchronous Set/Reset | Total Registers | Total Slices |
+--------------+-----------------------+------------------------+-----------------+--------------+
| No           | No                    | No                     |              43 |           16 |
| No           | No                    | Yes                    |              52 |           20 |
| No           | Yes                   | No                     |               4 |            2 |
| Yes          | No                    | No                     |               0 |            0 |
| Yes          | No                    | Yes                    |              10 |            5 |
| Yes          | Yes                   | No                     |               0 |            0 |
+--------------+-----------------------+------------------------+-----------------+--------------+


4. Detailed Control Set Information
-----------------------------------

+----------------------------+----------------------+-------------------------------------+------------------+----------------+
|        Clock Signal        |     Enable Signal    |           Set/Reset Signal          | Slice Load Count | Bel Load Count |
+----------------------------+----------------------+-------------------------------------+------------------+----------------+
|  clk_gen_inst/inst/par_clk |                      | vga_ctrl_inst/cnt_v_reg[5]_0        |                2 |              4 |
|  clk_gen_inst/inst/par_clk | vga_ctrl_inst/cnt_v0 | hdmi_ctrl_inst/encode_1_g/sys_rst_n |                5 |             10 |
|  clk_gen_inst/inst/par_clk |                      |                                     |               16 |             43 |
|  clk_gen_inst/inst/par_clk |                      | hdmi_ctrl_inst/encode_1_g/sys_rst_n |               20 |             52 |
+----------------------------+----------------------+-------------------------------------+------------------+----------------+


