
*** Running vivado
    with args -log hdmi_colorbar.vdi -applog -m64 -product Vivado -messageDb vivado.pb -mode batch -source hdmi_colorbar.tcl -notrace


****** Vivado v2019.2 (64-bit)
  **** SW Build 2708876 on Wed Nov  6 21:40:23 MST 2019
  **** IP Build 2700528 on Thu Nov  7 00:09:20 MST 2019
    ** Copyright 1986-2019 Xilinx, Inc. All Rights Reserved.

source hdmi_colorbar.tcl -notrace
Command: link_design -top hdmi_colorbar -part xc7z020clg400-2
Design is defaulting to srcset: sources_1
Design is defaulting to constrset: constrs_1
INFO: [Device 21-403] Loading part xc7z020clg400-2
INFO: [Project 1-454] Reading design checkpoint 'g:/xilinx_FPGA_prj/hdmi_colorbar/prj/hdmi_colorbar/hdmi_colorbar.srcs/sources_1/ip/clk_wiz_0/clk_wiz_0.dcp' for cell 'clk_gen_inst'
Netlist sorting complete. Time (s): cpu = 00:00:00 ; elapsed = 00:00:00.003 . Memory (MB): peak = 662.770 ; gain = 0.000
INFO: [Netlist 29-17] Analyzing 5 Unisim elements for replacement
INFO: [Netlist 29-28] Unisim Transformation completed in 0 CPU seconds
INFO: [Project 1-479] Netlist was created with Vivado 2019.2
INFO: [Project 1-570] Preparing netlist for logic optimization
Parsing XDC File [g:/xilinx_FPGA_prj/hdmi_colorbar/prj/hdmi_colorbar/hdmi_colorbar.srcs/sources_1/ip/clk_wiz_0/clk_wiz_0_board.xdc] for cell 'clk_gen_inst/inst'
Finished Parsing XDC File [g:/xilinx_FPGA_prj/hdmi_colorbar/prj/hdmi_colorbar/hdmi_colorbar.srcs/sources_1/ip/clk_wiz_0/clk_wiz_0_board.xdc] for cell 'clk_gen_inst/inst'
Parsing XDC File [g:/xilinx_FPGA_prj/hdmi_colorbar/prj/hdmi_colorbar/hdmi_colorbar.srcs/sources_1/ip/clk_wiz_0/clk_wiz_0.xdc] for cell 'clk_gen_inst/inst'
INFO: [Timing 38-35] Done setting XDC timing constraints. [g:/xilinx_FPGA_prj/hdmi_colorbar/prj/hdmi_colorbar/hdmi_colorbar.srcs/sources_1/ip/clk_wiz_0/clk_wiz_0.xdc:57]
INFO: [Timing 38-2] Deriving generated clocks [g:/xilinx_FPGA_prj/hdmi_colorbar/prj/hdmi_colorbar/hdmi_colorbar.srcs/sources_1/ip/clk_wiz_0/clk_wiz_0.xdc:57]
get_clocks: Time (s): cpu = 00:00:09 ; elapsed = 00:00:09 . Memory (MB): peak = 1348.469 ; gain = 575.398
Finished Parsing XDC File [g:/xilinx_FPGA_prj/hdmi_colorbar/prj/hdmi_colorbar/hdmi_colorbar.srcs/sources_1/ip/clk_wiz_0/clk_wiz_0.xdc] for cell 'clk_gen_inst/inst'
Parsing XDC File [G:/xilinx_FPGA_prj/hdmi_colorbar/prj/hdmi_colorbar/hdmi_colorbar.srcs/constrs_1/new/hdmi_colorbar.xdc]
Finished Parsing XDC File [G:/xilinx_FPGA_prj/hdmi_colorbar/prj/hdmi_colorbar/hdmi_colorbar.srcs/constrs_1/new/hdmi_colorbar.xdc]
INFO: [Opt 31-138] Pushed 0 inverter(s) to 0 load pin(s).
Netlist sorting complete. Time (s): cpu = 00:00:00 ; elapsed = 00:00:00 . Memory (MB): peak = 1348.469 ; gain = 0.000
INFO: [Project 1-111] Unisim Transformation Summary:
No Unisim elements were transformed.

10 Infos, 0 Warnings, 0 Critical Warnings and 0 Errors encountered.
link_design completed successfully
link_design: Time (s): cpu = 00:00:16 ; elapsed = 00:00:17 . Memory (MB): peak = 1348.469 ; gain = 1007.926
Command: opt_design
Attempting to get a license for feature 'Implementation' and/or device 'xc7z020'
INFO: [Common 17-349] Got license for feature 'Implementation' and/or device 'xc7z020'
Running DRC as a precondition to command opt_design

Starting DRC Task
INFO: [DRC 23-27] Running DRC with 2 threads
INFO: [Project 1-461] DRC finished with 0 Errors
INFO: [Project 1-462] Please refer to the DRC report (report_drc) for more information.

Time (s): cpu = 00:00:01 ; elapsed = 00:00:00.743 . Memory (MB): peak = 1348.469 ; gain = 0.000

Starting Cache Timing Information Task
INFO: [Timing 38-35] Done setting XDC timing constraints.
Ending Cache Timing Information Task | Checksum: 1335aaa26

Time (s): cpu = 00:00:00 ; elapsed = 00:00:00.020 . Memory (MB): peak = 1364.941 ; gain = 16.473

Starting Logic Optimization Task

Phase 1 Retarget
INFO: [Opt 31-138] Pushed 1 inverter(s) to 1 load pin(s).
INFO: [Opt 31-49] Retargeted 0 cell(s).
Phase 1 Retarget | Checksum: 19852c436

Time (s): cpu = 00:00:00 ; elapsed = 00:00:00.021 . Memory (MB): peak = 1544.578 ; gain = 0.000
INFO: [Opt 31-389] Phase Retarget created 0 cells and removed 1 cells
INFO: [Opt 31-1021] In phase Retarget, 1 netlist objects are constrained preventing optimization. Please run opt_design with -debug_log to get more detail. 

Phase 2 Constant propagation
INFO: [Opt 31-138] Pushed 0 inverter(s) to 0 load pin(s).
Phase 2 Constant propagation | Checksum: 19852c436

Time (s): cpu = 00:00:00 ; elapsed = 00:00:00.025 . Memory (MB): peak = 1544.578 ; gain = 0.000
INFO: [Opt 31-389] Phase Constant propagation created 0 cells and removed 0 cells

Phase 3 Sweep
Phase 3 Sweep | Checksum: 19852c436

Time (s): cpu = 00:00:00 ; elapsed = 00:00:00.029 . Memory (MB): peak = 1544.578 ; gain = 0.000
INFO: [Opt 31-389] Phase Sweep created 0 cells and removed 0 cells

Phase 4 BUFG optimization
INFO: [Opt 31-1112] Starts optimizing BUFG(s) with a common MMCM/DPLL/XPLL driver.
INFO: [Opt 31-1112] Starts optimizing BUFG(s) with a common driver.
INFO: [Opt 31-1092] Phase BUFG optimization transformed 0 BUFG(s) to MBUFG(s).
Phase 4 BUFG optimization | Checksum: 19852c436

Time (s): cpu = 00:00:00 ; elapsed = 00:00:00.035 . Memory (MB): peak = 1544.578 ; gain = 0.000
INFO: [Opt 31-662] Phase BUFG optimization created 0 cells of which 0 are BUFGs and removed 0 cells.

Phase 5 Shift Register Optimization
INFO: [Opt 31-1064] SRL Remap converted 0 SRLs to 0 registers and converted 0 registers of register chains to 0 SRLs
Phase 5 Shift Register Optimization | Checksum: 19852c436

Time (s): cpu = 00:00:00 ; elapsed = 00:00:00.041 . Memory (MB): peak = 1544.578 ; gain = 0.000
INFO: [Opt 31-389] Phase Shift Register Optimization created 0 cells and removed 0 cells

Phase 6 Post Processing Netlist
Phase 6 Post Processing Netlist | Checksum: 19852c436

Time (s): cpu = 00:00:00 ; elapsed = 00:00:00.043 . Memory (MB): peak = 1544.578 ; gain = 0.000
INFO: [Opt 31-389] Phase Post Processing Netlist created 0 cells and removed 0 cells
Opt_design Change Summary
=========================


-------------------------------------------------------------------------------------------------------------------------
|  Phase                        |  #Cells created  |  #Cells Removed  |  #Constrained objects preventing optimizations  |
-------------------------------------------------------------------------------------------------------------------------
|  Retarget                     |               0  |               1  |                                              1  |
|  Constant propagation         |               0  |               0  |                                              0  |
|  Sweep                        |               0  |               0  |                                              0  |
|  BUFG optimization            |               0  |               0  |                                              0  |
|  Shift Register Optimization  |               0  |               0  |                                              0  |
|  Post Processing Netlist      |               0  |               0  |                                              0  |
-------------------------------------------------------------------------------------------------------------------------



Starting Connectivity Check Task

Time (s): cpu = 00:00:00 ; elapsed = 00:00:00.002 . Memory (MB): peak = 1544.578 ; gain = 0.000
Ending Logic Optimization Task | Checksum: 19852c436

Time (s): cpu = 00:00:00 ; elapsed = 00:00:00.047 . Memory (MB): peak = 1544.578 ; gain = 0.000

Starting Power Optimization Task
INFO: [Pwropt 34-132] Skipping clock gating for clocks with a period < 2.00 ns.
Ending Power Optimization Task | Checksum: 19852c436

Time (s): cpu = 00:00:00 ; elapsed = 00:00:00.008 . Memory (MB): peak = 1544.578 ; gain = 0.000

Starting Final Cleanup Task
Ending Final Cleanup Task | Checksum: 19852c436

Time (s): cpu = 00:00:00 ; elapsed = 00:00:00 . Memory (MB): peak = 1544.578 ; gain = 0.000

Starting Netlist Obfuscation Task
Netlist sorting complete. Time (s): cpu = 00:00:00 ; elapsed = 00:00:00 . Memory (MB): peak = 1544.578 ; gain = 0.000
Ending Netlist Obfuscation Task | Checksum: 19852c436

Time (s): cpu = 00:00:00 ; elapsed = 00:00:00 . Memory (MB): peak = 1544.578 ; gain = 0.000
INFO: [Common 17-83] Releasing license: Implementation
31 Infos, 0 Warnings, 0 Critical Warnings and 0 Errors encountered.
opt_design completed successfully
Netlist sorting complete. Time (s): cpu = 00:00:00 ; elapsed = 00:00:00 . Memory (MB): peak = 1544.578 ; gain = 0.000
INFO: [Timing 38-480] Writing timing data to binary archive.
Writing placer database...
Writing XDEF routing.
Writing XDEF routing logical nets.
Writing XDEF routing special nets.
Write XDEF Complete: Time (s): cpu = 00:00:00 ; elapsed = 00:00:00.055 . Memory (MB): peak = 1544.578 ; gain = 0.000
INFO: [Common 17-1381] The checkpoint 'G:/xilinx_FPGA_prj/hdmi_colorbar/prj/hdmi_colorbar/hdmi_colorbar.runs/impl_1/hdmi_colorbar_opt.dcp' has been generated.
INFO: [runtcl-4] Executing : report_drc -file hdmi_colorbar_drc_opted.rpt -pb hdmi_colorbar_drc_opted.pb -rpx hdmi_colorbar_drc_opted.rpx
Command: report_drc -file hdmi_colorbar_drc_opted.rpt -pb hdmi_colorbar_drc_opted.pb -rpx hdmi_colorbar_drc_opted.rpx
INFO: [IP_Flow 19-1839] IP Catalog is up to date.
INFO: [DRC 23-27] Running DRC with 2 threads
INFO: [Coretcl 2-168] The results of DRC are in file G:/xilinx_FPGA_prj/hdmi_colorbar/prj/hdmi_colorbar/hdmi_colorbar.runs/impl_1/hdmi_colorbar_drc_opted.rpt.
report_drc completed successfully
Command: place_design
Attempting to get a license for feature 'Implementation' and/or device 'xc7z020'
INFO: [Common 17-349] Got license for feature 'Implementation' and/or device 'xc7z020'
INFO: [DRC 23-27] Running DRC with 2 threads
INFO: [Vivado_Tcl 4-198] DRC finished with 0 Errors
INFO: [Vivado_Tcl 4-199] Please refer to the DRC report (report_drc) for more information.
Running DRC as a precondition to command place_design
INFO: [DRC 23-27] Running DRC with 2 threads
INFO: [Vivado_Tcl 4-198] DRC finished with 0 Errors
INFO: [Vivado_Tcl 4-199] Please refer to the DRC report (report_drc) for more information.

Starting Placer Task
INFO: [Place 30-611] Multithreading enabled for place_design using a maximum of 2 CPUs

Phase 1 Placer Initialization

Phase 1.1 Placer Initialization Netlist Sorting
Netlist sorting complete. Time (s): cpu = 00:00:00 ; elapsed = 00:00:00 . Memory (MB): peak = 1544.578 ; gain = 0.000
Phase 1.1 Placer Initialization Netlist Sorting | Checksum: eedcd4d0

Time (s): cpu = 00:00:00 ; elapsed = 00:00:00.005 . Memory (MB): peak = 1544.578 ; gain = 0.000
Netlist sorting complete. Time (s): cpu = 00:00:00 ; elapsed = 00:00:00 . Memory (MB): peak = 1544.578 ; gain = 0.000

Phase 1.2 IO Placement/ Clock Placement/ Build Placer Device
INFO: [Timing 38-35] Done setting XDC timing constraints.
Phase 1.2 IO Placement/ Clock Placement/ Build Placer Device | Checksum: 1ec805999

Time (s): cpu = 00:00:00 ; elapsed = 00:00:00.383 . Memory (MB): peak = 1544.578 ; gain = 0.000

Phase 1.3 Build Placer Netlist Model
Phase 1.3 Build Placer Netlist Model | Checksum: 1f6fea4d9

Time (s): cpu = 00:00:00 ; elapsed = 00:00:00.523 . Memory (MB): peak = 1544.578 ; gain = 0.000

Phase 1.4 Constrain Clocks/Macros
Phase 1.4 Constrain Clocks/Macros | Checksum: 1f6fea4d9

Time (s): cpu = 00:00:00 ; elapsed = 00:00:00.526 . Memory (MB): peak = 1544.578 ; gain = 0.000
Phase 1 Placer Initialization | Checksum: 1f6fea4d9

Time (s): cpu = 00:00:00 ; elapsed = 00:00:00.529 . Memory (MB): peak = 1544.578 ; gain = 0.000

Phase 2 Global Placement

Phase 2.1 Floorplanning
Phase 2.1 Floorplanning | Checksum: 29865101b

Time (s): cpu = 00:00:00 ; elapsed = 00:00:00.638 . Memory (MB): peak = 1544.578 ; gain = 0.000

Phase 2.2 Global Placement Core

Phase 2.2.1 Physical Synthesis In Placer
INFO: [Physopt 32-775] End 1 Pass. Optimized 0 net or cell. Created 0 new cell, deleted 0 existing cell and moved 0 existing cell
INFO: [Physopt 32-65] No nets found for high-fanout optimization.
INFO: [Physopt 32-232] Optimized 0 net. Created 0 new instance.
INFO: [Physopt 32-775] End 1 Pass. Optimized 0 net or cell. Created 0 new cell, deleted 0 existing cell and moved 0 existing cell
INFO: [Physopt 32-670] No setup violation found.  DSP Register Optimization was not performed.
INFO: [Physopt 32-670] No setup violation found.  Shift Register to Pipeline Optimization was not performed.
INFO: [Physopt 32-670] No setup violation found.  Shift Register Optimization was not performed.
INFO: [Physopt 32-670] No setup violation found.  BRAM Register Optimization was not performed.
INFO: [Physopt 32-949] No candidate nets found for HD net replication
INFO: [Physopt 32-775] End 1 Pass. Optimized 0 net or cell. Created 0 new cell, deleted 0 existing cell and moved 0 existing cell
Netlist sorting complete. Time (s): cpu = 00:00:00 ; elapsed = 00:00:00 . Memory (MB): peak = 1544.578 ; gain = 0.000

Summary of Physical Synthesis Optimizations
============================================


-----------------------------------------------------------------------------------------------------------------------------------------------------------
|  Optimization                                     |  Added Cells  |  Removed Cells  |  Optimized Cells/Nets  |  Dont Touch  |  Iterations  |  Elapsed   |
-----------------------------------------------------------------------------------------------------------------------------------------------------------
|  LUT Combining                                    |            0  |              0  |                     0  |           0  |           1  |  00:00:00  |
|  Very High Fanout                                 |            0  |              0  |                     0  |           0  |           1  |  00:00:00  |
|  DSP Register                                     |            0  |              0  |                     0  |           0  |           0  |  00:00:00  |
|  Shift Register to Pipeline                       |            0  |              0  |                     0  |           0  |           0  |  00:00:00  |
|  Shift Register                                   |            0  |              0  |                     0  |           0  |           0  |  00:00:00  |
|  BRAM Register                                    |            0  |              0  |                     0  |           0  |           0  |  00:00:00  |
|  Dynamic/Static Region Interface Net Replication  |            0  |              0  |                     0  |           0  |           1  |  00:00:00  |
|  Total                                            |            0  |              0  |                     0  |           0  |           3  |  00:00:00  |
-----------------------------------------------------------------------------------------------------------------------------------------------------------


Phase 2.2.1 Physical Synthesis In Placer | Checksum: 2609d9b6f

Time (s): cpu = 00:00:02 ; elapsed = 00:00:02 . Memory (MB): peak = 1544.578 ; gain = 0.000
Phase 2.2 Global Placement Core | Checksum: 237b19eb3

Time (s): cpu = 00:00:02 ; elapsed = 00:00:02 . Memory (MB): peak = 1544.578 ; gain = 0.000
Phase 2 Global Placement | Checksum: 237b19eb3

Time (s): cpu = 00:00:02 ; elapsed = 00:00:02 . Memory (MB): peak = 1544.578 ; gain = 0.000

Phase 3 Detail Placement

Phase 3.1 Commit Multi Column Macros
Phase 3.1 Commit Multi Column Macros | Checksum: 26492a061

Time (s): cpu = 00:00:02 ; elapsed = 00:00:02 . Memory (MB): peak = 1544.578 ; gain = 0.000

Phase 3.2 Commit Most Macros & LUTRAMs
Phase 3.2 Commit Most Macros & LUTRAMs | Checksum: 253f93703

Time (s): cpu = 00:00:02 ; elapsed = 00:00:02 . Memory (MB): peak = 1544.578 ; gain = 0.000

Phase 3.3 Area Swap Optimization
Phase 3.3 Area Swap Optimization | Checksum: 27f82b9bf

Time (s): cpu = 00:00:02 ; elapsed = 00:00:02 . Memory (MB): peak = 1544.578 ; gain = 0.000

Phase 3.4 Pipeline Register Optimization
Phase 3.4 Pipeline Register Optimization | Checksum: 228334efa

Time (s): cpu = 00:00:02 ; elapsed = 00:00:02 . Memory (MB): peak = 1544.578 ; gain = 0.000

Phase 3.5 Small Shape Detail Placement
Phase 3.5 Small Shape Detail Placement | Checksum: 1d401363a

Time (s): cpu = 00:00:02 ; elapsed = 00:00:03 . Memory (MB): peak = 1544.578 ; gain = 0.000

Phase 3.6 Re-assign LUT pins
Phase 3.6 Re-assign LUT pins | Checksum: 24f3c140c

Time (s): cpu = 00:00:02 ; elapsed = 00:00:03 . Memory (MB): peak = 1544.578 ; gain = 0.000

Phase 3.7 Pipeline Register Optimization
Phase 3.7 Pipeline Register Optimization | Checksum: 1b7eca8c9

Time (s): cpu = 00:00:02 ; elapsed = 00:00:03 . Memory (MB): peak = 1544.578 ; gain = 0.000
Phase 3 Detail Placement | Checksum: 1b7eca8c9

Time (s): cpu = 00:00:02 ; elapsed = 00:00:03 . Memory (MB): peak = 1544.578 ; gain = 0.000

Phase 4 Post Placement Optimization and Clean-Up

Phase 4.1 Post Commit Optimization
INFO: [Timing 38-35] Done setting XDC timing constraints.

Phase 4.1.1 Post Placement Optimization
Post Placement Optimization Initialization | Checksum: 1e7f854af

Phase 4.1.1.1 BUFG Insertion
INFO: [Place 46-56] BUFG insertion identified 0 candidate nets. Inserted BUFG: 0, Replicated BUFG Driver: 0, Skipped due to Placement/Routing Conflicts: 0, Skipped due to Timing Degradation: 0, Skipped due to Illegal Netlist: 0.
Phase 4.1.1.1 BUFG Insertion | Checksum: 1e7f854af

Time (s): cpu = 00:00:03 ; elapsed = 00:00:03 . Memory (MB): peak = 1550.375 ; gain = 5.797
INFO: [Place 30-746] Post Placement Timing Summary WNS=36.466. For the most accurate timing information please run report_timing.
Phase 4.1.1 Post Placement Optimization | Checksum: 1ed05fa52

Time (s): cpu = 00:00:03 ; elapsed = 00:00:03 . Memory (MB): peak = 1550.375 ; gain = 5.797
Phase 4.1 Post Commit Optimization | Checksum: 1ed05fa52

Time (s): cpu = 00:00:03 ; elapsed = 00:00:03 . Memory (MB): peak = 1550.375 ; gain = 5.797

Phase 4.2 Post Placement Cleanup
Phase 4.2 Post Placement Cleanup | Checksum: 1ed05fa52

Time (s): cpu = 00:00:03 ; elapsed = 00:00:03 . Memory (MB): peak = 1550.375 ; gain = 5.797

Phase 4.3 Placer Reporting
Phase 4.3 Placer Reporting | Checksum: 1ed05fa52

Time (s): cpu = 00:00:03 ; elapsed = 00:00:03 . Memory (MB): peak = 1550.375 ; gain = 5.797

Phase 4.4 Final Placement Cleanup
Netlist sorting complete. Time (s): cpu = 00:00:00 ; elapsed = 00:00:00.001 . Memory (MB): peak = 1550.375 ; gain = 0.000
Phase 4.4 Final Placement Cleanup | Checksum: 21f98477f

Time (s): cpu = 00:00:03 ; elapsed = 00:00:03 . Memory (MB): peak = 1550.375 ; gain = 5.797
Phase 4 Post Placement Optimization and Clean-Up | Checksum: 21f98477f

Time (s): cpu = 00:00:03 ; elapsed = 00:00:03 . Memory (MB): peak = 1550.375 ; gain = 5.797
Ending Placer Task | Checksum: 193adf3a8

Time (s): cpu = 00:00:03 ; elapsed = 00:00:03 . Memory (MB): peak = 1550.375 ; gain = 5.797
INFO: [Common 17-83] Releasing license: Implementation
60 Infos, 0 Warnings, 0 Critical Warnings and 0 Errors encountered.
place_design completed successfully
Netlist sorting complete. Time (s): cpu = 00:00:00 ; elapsed = 00:00:00 . Memory (MB): peak = 1550.375 ; gain = 0.000
INFO: [Timing 38-480] Writing timing data to binary archive.
Writing placer database...
Writing XDEF routing.
Writing XDEF routing logical nets.
Writing XDEF routing special nets.
Write XDEF Complete: Time (s): cpu = 00:00:00 ; elapsed = 00:00:00.073 . Memory (MB): peak = 1550.375 ; gain = 0.000
INFO: [Common 17-1381] The checkpoint 'G:/xilinx_FPGA_prj/hdmi_colorbar/prj/hdmi_colorbar/hdmi_colorbar.runs/impl_1/hdmi_colorbar_placed.dcp' has been generated.
INFO: [runtcl-4] Executing : report_io -file hdmi_colorbar_io_placed.rpt
report_io: Time (s): cpu = 00:00:00 ; elapsed = 00:00:00.056 . Memory (MB): peak = 1550.375 ; gain = 0.000
INFO: [runtcl-4] Executing : report_utilization -file hdmi_colorbar_utilization_placed.rpt -pb hdmi_colorbar_utilization_placed.pb
INFO: [runtcl-4] Executing : report_control_sets -verbose -file hdmi_colorbar_control_sets_placed.rpt
report_control_sets: Time (s): cpu = 00:00:00 ; elapsed = 00:00:00.006 . Memory (MB): peak = 1550.375 ; gain = 0.000
Command: phys_opt_design
Attempting to get a license for feature 'Implementation' and/or device 'xc7z020'
INFO: [Common 17-349] Got license for feature 'Implementation' and/or device 'xc7z020'
INFO: [Vivado_Tcl 4-383] Design worst setup slack (WNS) is greater than or equal to 0.250 ns. Skipping all physical synthesis optimizations.
INFO: [Vivado_Tcl 4-232] No setup violation found. The netlist was not modified.
INFO: [Common 17-83] Releasing license: Implementation
69 Infos, 0 Warnings, 0 Critical Warnings and 0 Errors encountered.
phys_opt_design completed successfully
Netlist sorting complete. Time (s): cpu = 00:00:00 ; elapsed = 00:00:00 . Memory (MB): peak = 1564.863 ; gain = 0.000
INFO: [Timing 38-480] Writing timing data to binary archive.
Writing placer database...
Writing XDEF routing.
Writing XDEF routing logical nets.
Writing XDEF routing special nets.
Write XDEF Complete: Time (s): cpu = 00:00:00 ; elapsed = 00:00:00.074 . Memory (MB): peak = 1582.707 ; gain = 17.844
INFO: [Common 17-1381] The checkpoint 'G:/xilinx_FPGA_prj/hdmi_colorbar/prj/hdmi_colorbar/hdmi_colorbar.runs/impl_1/hdmi_colorbar_physopt.dcp' has been generated.
Command: route_design
Attempting to get a license for feature 'Implementation' and/or device 'xc7z020'
INFO: [Common 17-349] Got license for feature 'Implementation' and/or device 'xc7z020'
Running DRC as a precondition to command route_design
INFO: [DRC 23-27] Running DRC with 2 threads
INFO: [Vivado_Tcl 4-198] DRC finished with 0 Errors
INFO: [Vivado_Tcl 4-199] Please refer to the DRC report (report_drc) for more information.


Starting Routing Task
INFO: [Route 35-254] Multithreading enabled for route_design using a maximum of 2 CPUs
Checksum: PlaceDB: bceeb8af ConstDB: 0 ShapeSum: d6bf3af9 RouteDB: 0

Phase 1 Build RT Design
Phase 1 Build RT Design | Checksum: 11c5152ec

Time (s): cpu = 00:00:27 ; elapsed = 00:00:24 . Memory (MB): peak = 1692.344 ; gain = 96.570
Post Restoration Checksum: NetGraph: efac3622 NumContArr: 2ca51cca Constraints: 0 Timing: 0

Phase 2 Router Initialization

Phase 2.1 Create Timer
Phase 2.1 Create Timer | Checksum: 11c5152ec

Time (s): cpu = 00:00:27 ; elapsed = 00:00:24 . Memory (MB): peak = 1692.344 ; gain = 96.570

Phase 2.2 Fix Topology Constraints
Phase 2.2 Fix Topology Constraints | Checksum: 11c5152ec

Time (s): cpu = 00:00:27 ; elapsed = 00:00:24 . Memory (MB): peak = 1698.973 ; gain = 103.199

Phase 2.3 Pre Route Cleanup
Phase 2.3 Pre Route Cleanup | Checksum: 11c5152ec

Time (s): cpu = 00:00:27 ; elapsed = 00:00:24 . Memory (MB): peak = 1698.973 ; gain = 103.199
 Number of Nodes with overlaps = 0

Phase 2.4 Update Timing
Phase 2.4 Update Timing | Checksum: 1675c8a26

Time (s): cpu = 00:00:27 ; elapsed = 00:00:24 . Memory (MB): peak = 1718.254 ; gain = 122.480
INFO: [Route 35-416] Intermediate Timing Summary | WNS=36.425 | TNS=0.000  | WHS=-0.154 | THS=-4.567 |

Phase 2 Router Initialization | Checksum: 1cfcc4d29

Time (s): cpu = 00:00:27 ; elapsed = 00:00:24 . Memory (MB): peak = 1718.254 ; gain = 122.480

Router Utilization Summary
  Global Vertical Routing Utilization    = 0 %
  Global Horizontal Routing Utilization  = 0 %
  Routable Net Status*
  *Does not include unroutable nets such as driverless and loadless.
  Run report_route_status for detailed report.
  Number of Failed Nets               = 254
    (Failed Nets is the sum of unrouted and partially routed nets)
  Number of Unrouted Nets             = 254
  Number of Partially Routed Nets     = 0
  Number of Node Overlaps             = 0


Phase 3 Initial Routing
Phase 3 Initial Routing | Checksum: 105f3be06

Time (s): cpu = 00:00:28 ; elapsed = 00:00:24 . Memory (MB): peak = 1718.254 ; gain = 122.480

Phase 4 Rip-up And Reroute

Phase 4.1 Global Iteration 0
 Number of Nodes with overlaps = 15
 Number of Nodes with overlaps = 0
INFO: [Route 35-416] Intermediate Timing Summary | WNS=36.283 | TNS=0.000  | WHS=N/A    | THS=N/A    |

Phase 4.1 Global Iteration 0 | Checksum: 19b82d67c

Time (s): cpu = 00:00:28 ; elapsed = 00:00:24 . Memory (MB): peak = 1718.254 ; gain = 122.480
Phase 4 Rip-up And Reroute | Checksum: 19b82d67c

Time (s): cpu = 00:00:28 ; elapsed = 00:00:24 . Memory (MB): peak = 1718.254 ; gain = 122.480

Phase 5 Delay and Skew Optimization

Phase 5.1 Delay CleanUp
Phase 5.1 Delay CleanUp | Checksum: 19b82d67c

Time (s): cpu = 00:00:28 ; elapsed = 00:00:24 . Memory (MB): peak = 1718.254 ; gain = 122.480

Phase 5.2 Clock Skew Optimization
Phase 5.2 Clock Skew Optimization | Checksum: 19b82d67c

Time (s): cpu = 00:00:28 ; elapsed = 00:00:24 . Memory (MB): peak = 1718.254 ; gain = 122.480
Phase 5 Delay and Skew Optimization | Checksum: 19b82d67c

Time (s): cpu = 00:00:28 ; elapsed = 00:00:24 . Memory (MB): peak = 1718.254 ; gain = 122.480

Phase 6 Post Hold Fix

Phase 6.1 Hold Fix Iter

Phase 6.1.1 Update Timing
Phase 6.1.1 Update Timing | Checksum: 22db69ea0

Time (s): cpu = 00:00:28 ; elapsed = 00:00:24 . Memory (MB): peak = 1718.254 ; gain = 122.480
INFO: [Route 35-416] Intermediate Timing Summary | WNS=36.395 | TNS=0.000  | WHS=0.107  | THS=0.000  |

Phase 6.1 Hold Fix Iter | Checksum: 22db69ea0

Time (s): cpu = 00:00:28 ; elapsed = 00:00:24 . Memory (MB): peak = 1718.254 ; gain = 122.480
Phase 6 Post Hold Fix | Checksum: 22db69ea0

Time (s): cpu = 00:00:28 ; elapsed = 00:00:24 . Memory (MB): peak = 1718.254 ; gain = 122.480

Phase 7 Route finalize

Router Utilization Summary
  Global Vertical Routing Utilization    = 0.0298747 %
  Global Horizontal Routing Utilization  = 0.0217208 %
  Routable Net Status*
  *Does not include unroutable nets such as driverless and loadless.
  Run report_route_status for detailed report.
  Number of Failed Nets               = 0
    (Failed Nets is the sum of unrouted and partially routed nets)
  Number of Unrouted Nets             = 0
  Number of Partially Routed Nets     = 0
  Number of Node Overlaps             = 0

Phase 7 Route finalize | Checksum: 202783ea8

Time (s): cpu = 00:00:28 ; elapsed = 00:00:24 . Memory (MB): peak = 1718.254 ; gain = 122.480

Phase 8 Verifying routed nets

 Verification completed successfully
Phase 8 Verifying routed nets | Checksum: 202783ea8

Time (s): cpu = 00:00:28 ; elapsed = 00:00:24 . Memory (MB): peak = 1718.254 ; gain = 122.480

Phase 9 Depositing Routes
Phase 9 Depositing Routes | Checksum: 156708d08

Time (s): cpu = 00:00:28 ; elapsed = 00:00:24 . Memory (MB): peak = 1718.254 ; gain = 122.480

Phase 10 Post Router Timing
INFO: [Route 35-57] Estimated Timing Summary | WNS=36.395 | TNS=0.000  | WHS=0.107  | THS=0.000  |

INFO: [Route 35-327] The final timing numbers are based on the router estimated timing analysis. For a complete and accurate timing signoff, please run report_timing_summary.
Phase 10 Post Router Timing | Checksum: 156708d08

Time (s): cpu = 00:00:28 ; elapsed = 00:00:24 . Memory (MB): peak = 1718.254 ; gain = 122.480
INFO: [Route 35-16] Router Completed Successfully

Time (s): cpu = 00:00:28 ; elapsed = 00:00:24 . Memory (MB): peak = 1718.254 ; gain = 122.480

Routing Is Done.
INFO: [Common 17-83] Releasing license: Implementation
83 Infos, 0 Warnings, 0 Critical Warnings and 0 Errors encountered.
route_design completed successfully
route_design: Time (s): cpu = 00:00:30 ; elapsed = 00:00:25 . Memory (MB): peak = 1718.254 ; gain = 135.547
Netlist sorting complete. Time (s): cpu = 00:00:00 ; elapsed = 00:00:00 . Memory (MB): peak = 1718.254 ; gain = 0.000
INFO: [Timing 38-480] Writing timing data to binary archive.
Writing placer database...
Writing XDEF routing.
Writing XDEF routing logical nets.
Writing XDEF routing special nets.
Write XDEF Complete: Time (s): cpu = 00:00:00 ; elapsed = 00:00:00.093 . Memory (MB): peak = 1724.336 ; gain = 6.082
INFO: [Common 17-1381] The checkpoint 'G:/xilinx_FPGA_prj/hdmi_colorbar/prj/hdmi_colorbar/hdmi_colorbar.runs/impl_1/hdmi_colorbar_routed.dcp' has been generated.
INFO: [runtcl-4] Executing : report_drc -file hdmi_colorbar_drc_routed.rpt -pb hdmi_colorbar_drc_routed.pb -rpx hdmi_colorbar_drc_routed.rpx
Command: report_drc -file hdmi_colorbar_drc_routed.rpt -pb hdmi_colorbar_drc_routed.pb -rpx hdmi_colorbar_drc_routed.rpx
INFO: [IP_Flow 19-1839] IP Catalog is up to date.
INFO: [DRC 23-27] Running DRC with 2 threads
INFO: [Coretcl 2-168] The results of DRC are in file G:/xilinx_FPGA_prj/hdmi_colorbar/prj/hdmi_colorbar/hdmi_colorbar.runs/impl_1/hdmi_colorbar_drc_routed.rpt.
report_drc completed successfully
INFO: [runtcl-4] Executing : report_methodology -file hdmi_colorbar_methodology_drc_routed.rpt -pb hdmi_colorbar_methodology_drc_routed.pb -rpx hdmi_colorbar_methodology_drc_routed.rpx
Command: report_methodology -file hdmi_colorbar_methodology_drc_routed.rpt -pb hdmi_colorbar_methodology_drc_routed.pb -rpx hdmi_colorbar_methodology_drc_routed.rpx
INFO: [Timing 38-35] Done setting XDC timing constraints.
INFO: [DRC 23-133] Running Methodology with 2 threads
INFO: [Coretcl 2-1520] The results of Report Methodology are in file G:/xilinx_FPGA_prj/hdmi_colorbar/prj/hdmi_colorbar/hdmi_colorbar.runs/impl_1/hdmi_colorbar_methodology_drc_routed.rpt.
report_methodology completed successfully
INFO: [runtcl-4] Executing : report_power -file hdmi_colorbar_power_routed.rpt -pb hdmi_colorbar_power_summary_routed.pb -rpx hdmi_colorbar_power_routed.rpx
Command: report_power -file hdmi_colorbar_power_routed.rpt -pb hdmi_colorbar_power_summary_routed.pb -rpx hdmi_colorbar_power_routed.rpx
INFO: [Timing 38-35] Done setting XDC timing constraints.
Running Vector-less Activity Propagation...

Finished Running Vector-less Activity Propagation
95 Infos, 0 Warnings, 0 Critical Warnings and 0 Errors encountered.
report_power completed successfully
INFO: [runtcl-4] Executing : report_route_status -file hdmi_colorbar_route_status.rpt -pb hdmi_colorbar_route_status.pb
INFO: [runtcl-4] Executing : report_timing_summary -max_paths 10 -file hdmi_colorbar_timing_summary_routed.rpt -pb hdmi_colorbar_timing_summary_routed.pb -rpx hdmi_colorbar_timing_summary_routed.rpx -warn_on_violation 
INFO: [Timing 38-91] UpdateTimingParams: Speed grade: -2, Delay Type: min_max.
INFO: [Timing 38-191] Multithreading enabled for timing update using a maximum of 2 CPUs
INFO: [runtcl-4] Executing : report_incremental_reuse -file hdmi_colorbar_incremental_reuse_routed.rpt
INFO: [Vivado_Tcl 4-1062] Incremental flow is disabled. No incremental reuse Info to report.
INFO: [runtcl-4] Executing : report_clock_utilization -file hdmi_colorbar_clock_utilization_routed.rpt
INFO: [runtcl-4] Executing : report_bus_skew -warn_on_violation -file hdmi_colorbar_bus_skew_routed.rpt -pb hdmi_colorbar_bus_skew_routed.pb -rpx hdmi_colorbar_bus_skew_routed.rpx
INFO: [Timing 38-91] UpdateTimingParams: Speed grade: -2, Delay Type: min_max.
INFO: [Timing 38-191] Multithreading enabled for timing update using a maximum of 2 CPUs
Command: write_bitstream -force hdmi_colorbar.bit
Attempting to get a license for feature 'Implementation' and/or device 'xc7z020'
INFO: [Common 17-349] Got license for feature 'Implementation' and/or device 'xc7z020'
Running DRC as a precondition to command write_bitstream
INFO: [IP_Flow 19-1839] IP Catalog is up to date.
INFO: [DRC 23-27] Running DRC with 2 threads
WARNING: [DRC AVAL-70] OSERDES_DataRateTqTriWidth: Unexpected programming for hdmi_ctrl_inst/par_to_ser_blue/OSERDESE2_marster_inst with TRISTATE_WIDTH. DATA_RATE_TQ set DDR expects TRISTATE_WIDTH to be set 4
WARNING: [DRC AVAL-70] OSERDES_DataRateTqTriWidth: Unexpected programming for hdmi_ctrl_inst/par_to_ser_blue/OSERDESE2_slave_inst with TRISTATE_WIDTH. DATA_RATE_TQ set DDR expects TRISTATE_WIDTH to be set 4
WARNING: [DRC AVAL-70] OSERDES_DataRateTqTriWidth: Unexpected programming for hdmi_ctrl_inst/par_to_ser_clk/OSERDESE2_marster_inst with TRISTATE_WIDTH. DATA_RATE_TQ set DDR expects TRISTATE_WIDTH to be set 4
WARNING: [DRC AVAL-70] OSERDES_DataRateTqTriWidth: Unexpected programming for hdmi_ctrl_inst/par_to_ser_clk/OSERDESE2_slave_inst with TRISTATE_WIDTH. DATA_RATE_TQ set DDR expects TRISTATE_WIDTH to be set 4
WARNING: [DRC AVAL-70] OSERDES_DataRateTqTriWidth: Unexpected programming for hdmi_ctrl_inst/par_to_ser_green/OSERDESE2_marster_inst with TRISTATE_WIDTH. DATA_RATE_TQ set DDR expects TRISTATE_WIDTH to be set 4
WARNING: [DRC AVAL-70] OSERDES_DataRateTqTriWidth: Unexpected programming for hdmi_ctrl_inst/par_to_ser_green/OSERDESE2_slave_inst with TRISTATE_WIDTH. DATA_RATE_TQ set DDR expects TRISTATE_WIDTH to be set 4
WARNING: [DRC AVAL-70] OSERDES_DataRateTqTriWidth: Unexpected programming for hdmi_ctrl_inst/par_to_ser_red/OSERDESE2_marster_inst with TRISTATE_WIDTH. DATA_RATE_TQ set DDR expects TRISTATE_WIDTH to be set 4
WARNING: [DRC AVAL-70] OSERDES_DataRateTqTriWidth: Unexpected programming for hdmi_ctrl_inst/par_to_ser_red/OSERDESE2_slave_inst with TRISTATE_WIDTH. DATA_RATE_TQ set DDR expects TRISTATE_WIDTH to be set 4
WARNING: [DRC ZPS7-1] PS7 block required: The PS7 cell must be used in this Zynq design in order to enable correct default configuration.
INFO: [Vivado 12-3199] DRC finished with 0 Errors, 9 Warnings
INFO: [Vivado 12-3200] Please refer to the DRC report (report_drc) for more information.
INFO: [Designutils 20-2272] Running write_bitstream with 2 threads.
Loading data files...
Loading site data...
Loading route data...
Processing options...
Creating bitmap...
Creating bitstream...
Writing bitstream ./hdmi_colorbar.bit...
INFO: [Vivado 12-1842] Bitgen Completed Successfully.
INFO: [Project 1-120] WebTalk data collection is mandatory when using a WebPACK part without a full Vivado license. To see the specific WebTalk data collected for your design, open the usage_statistics_webtalk.html or usage_statistics_webtalk.xml file in the implementation directory.
INFO: [Common 17-186] 'G:/xilinx_FPGA_prj/hdmi_colorbar/prj/hdmi_colorbar/hdmi_colorbar.runs/impl_1/usage_statistics_webtalk.xml' has been successfully sent to Xilinx on Tue Aug  9 11:29:50 2022. For additional details about this file, please refer to the WebTalk help file at F:/Vivado/Vivado/2019.2/doc/webtalk_introduction.html.
INFO: [Common 17-83] Releasing license: Implementation
115 Infos, 9 Warnings, 0 Critical Warnings and 0 Errors encountered.
write_bitstream completed successfully
write_bitstream: Time (s): cpu = 00:00:14 ; elapsed = 00:00:20 . Memory (MB): peak = 2172.086 ; gain = 418.355
INFO: [Common 17-206] Exiting Vivado at Tue Aug  9 11:29:50 2022...
