Analysis & Synthesis report for iic_eeprom
Tue Apr 05 18:06:38 2022
Quartus II 64-Bit Version 15.0.0 Build 145 04/22/2015 SJ Full Version


---------------------
; Table of Contents ;
---------------------
  1. Legal Notice
  2. Analysis & Synthesis Summary
  3. Analysis & Synthesis Settings
  4. Parallel Compilation
  5. Analysis & Synthesis Source Files Read
  6. Analysis & Synthesis Resource Usage Summary
  7. Analysis & Synthesis Resource Utilization by Entity
  8. Analysis & Synthesis RAM Summary
  9. Analysis & Synthesis IP Cores Summary
 10. State Machine - |iic_eeprom|iic_ctrl:iic_ctrl_inst|state
 11. Registers Removed During Synthesis
 12. General Register Statistics
 13. Inverted Register Statistics
 14. Multiplexer Restructuring Statistics (Restructuring Performed)
 15. Source assignments for FIFO:FIFO_inst|scfifo:scfifo_component|scfifo_8121:auto_generated|a_dpfifo_f721:dpfifo|dpram_1711:FIFOram|altsyncram_k0k1:altsyncram1
 16. Parameter Settings for User Entity Instance: Top-level Entity: |iic_eeprom
 17. Parameter Settings for User Entity Instance: FIFO:FIFO_inst|scfifo:scfifo_component
 18. Parameter Settings for User Entity Instance: key_filter:key_filter_inst_wr
 19. Parameter Settings for User Entity Instance: key_filter:key_filter_inst_rd
 20. Parameter Settings for User Entity Instance: iic_ctrl:iic_ctrl_inst
 21. Parameter Settings for User Entity Instance: top_seg595:top_seg595_inst|data_trans:data_trans_inst
 22. scfifo Parameter Settings by Entity Instance
 23. Port Connectivity Checks: "top_seg595:top_seg595_inst"
 24. Port Connectivity Checks: "iic_ctrl:iic_ctrl_inst"
 25. Post-Synthesis Netlist Statistics for Top Partition
 26. Elapsed Time Per Partition
 27. Analysis & Synthesis Messages
 28. Analysis & Synthesis Suppressed Messages



----------------
; Legal Notice ;
----------------
Copyright (C) 1991-2015 Altera Corporation. All rights reserved.
Your use of Altera Corporation's design tools, logic functions 
and other software and tools, and its AMPP partner logic 
functions, and any output files from any of the foregoing 
(including device programming or simulation files), and any 
associated documentation or information are expressly subject 
to the terms and conditions of the Altera Program License 
Subscription Agreement, the Altera Quartus II License Agreement,
the Altera MegaCore Function License Agreement, or other 
applicable license agreement, including, without limitation, 
that your use is for the sole purpose of programming logic 
devices manufactured by Altera and sold by Altera or its 
authorized distributors.  Please refer to the applicable 
agreement for further details.



+----------------------------------------------------------------------------------+
; Analysis & Synthesis Summary                                                     ;
+------------------------------------+---------------------------------------------+
; Analysis & Synthesis Status        ; Successful - Tue Apr 05 18:06:38 2022       ;
; Quartus II 64-Bit Version          ; 15.0.0 Build 145 04/22/2015 SJ Full Version ;
; Revision Name                      ; iic_eeprom                                  ;
; Top-level Entity Name              ; iic_eeprom                                  ;
; Family                             ; Cyclone IV E                                ;
; Total logic elements               ; 540                                         ;
;     Total combinational functions  ; 505                                         ;
;     Dedicated logic registers      ; 331                                         ;
; Total registers                    ; 331                                         ;
; Total pins                         ; 11                                          ;
; Total virtual pins                 ; 0                                           ;
; Total memory bits                  ; 256                                         ;
; Embedded Multiplier 9-bit elements ; 0                                           ;
; Total PLLs                         ; 0                                           ;
+------------------------------------+---------------------------------------------+


+----------------------------------------------------------------------------------------------------------------------+
; Analysis & Synthesis Settings                                                                                        ;
+----------------------------------------------------------------------------+--------------------+--------------------+
; Option                                                                     ; Setting            ; Default Value      ;
+----------------------------------------------------------------------------+--------------------+--------------------+
; Device                                                                     ; EP4CE10F17C8       ;                    ;
; Top-level entity name                                                      ; iic_eeprom         ; iic_eeprom         ;
; Family name                                                                ; Cyclone IV E       ; Cyclone V          ;
; Use smart compilation                                                      ; Off                ; Off                ;
; Enable parallel Assembler and TimeQuest Timing Analyzer during compilation ; On                 ; On                 ;
; Enable compact report table                                                ; Off                ; Off                ;
; Restructure Multiplexers                                                   ; Auto               ; Auto               ;
; Create Debugging Nodes for IP Cores                                        ; Off                ; Off                ;
; Preserve fewer node names                                                  ; On                 ; On                 ;
; Disable OpenCore Plus hardware evaluation                                  ; Off                ; Off                ;
; Verilog Version                                                            ; Verilog_2001       ; Verilog_2001       ;
; VHDL Version                                                               ; VHDL_1993          ; VHDL_1993          ;
; State Machine Processing                                                   ; Auto               ; Auto               ;
; Safe State Machine                                                         ; Off                ; Off                ;
; Extract Verilog State Machines                                             ; On                 ; On                 ;
; Extract VHDL State Machines                                                ; On                 ; On                 ;
; Ignore Verilog initial constructs                                          ; Off                ; Off                ;
; Iteration limit for constant Verilog loops                                 ; 5000               ; 5000               ;
; Iteration limit for non-constant Verilog loops                             ; 250                ; 250                ;
; Add Pass-Through Logic to Inferred RAMs                                    ; On                 ; On                 ;
; Infer RAMs from Raw Logic                                                  ; On                 ; On                 ;
; Parallel Synthesis                                                         ; On                 ; On                 ;
; DSP Block Balancing                                                        ; Auto               ; Auto               ;
; NOT Gate Push-Back                                                         ; On                 ; On                 ;
; Power-Up Don't Care                                                        ; On                 ; On                 ;
; Remove Redundant Logic Cells                                               ; Off                ; Off                ;
; Remove Duplicate Registers                                                 ; On                 ; On                 ;
; Ignore CARRY Buffers                                                       ; Off                ; Off                ;
; Ignore CASCADE Buffers                                                     ; Off                ; Off                ;
; Ignore GLOBAL Buffers                                                      ; Off                ; Off                ;
; Ignore ROW GLOBAL Buffers                                                  ; Off                ; Off                ;
; Ignore LCELL Buffers                                                       ; Off                ; Off                ;
; Ignore SOFT Buffers                                                        ; On                 ; On                 ;
; Limit AHDL Integers to 32 Bits                                             ; Off                ; Off                ;
; Optimization Technique                                                     ; Balanced           ; Balanced           ;
; Carry Chain Length                                                         ; 70                 ; 70                 ;
; Auto Carry Chains                                                          ; On                 ; On                 ;
; Auto Open-Drain Pins                                                       ; On                 ; On                 ;
; Perform WYSIWYG Primitive Resynthesis                                      ; Off                ; Off                ;
; Auto ROM Replacement                                                       ; On                 ; On                 ;
; Auto RAM Replacement                                                       ; On                 ; On                 ;
; Auto DSP Block Replacement                                                 ; On                 ; On                 ;
; Auto Shift Register Replacement                                            ; Auto               ; Auto               ;
; Allow Shift Register Merging across Hierarchies                            ; Auto               ; Auto               ;
; Auto Clock Enable Replacement                                              ; On                 ; On                 ;
; Strict RAM Replacement                                                     ; Off                ; Off                ;
; Allow Synchronous Control Signals                                          ; On                 ; On                 ;
; Force Use of Synchronous Clear Signals                                     ; Off                ; Off                ;
; Auto RAM Block Balancing                                                   ; On                 ; On                 ;
; Auto RAM to Logic Cell Conversion                                          ; Off                ; Off                ;
; Auto Resource Sharing                                                      ; Off                ; Off                ;
; Allow Any RAM Size For Recognition                                         ; Off                ; Off                ;
; Allow Any ROM Size For Recognition                                         ; Off                ; Off                ;
; Allow Any Shift Register Size For Recognition                              ; Off                ; Off                ;
; Use LogicLock Constraints during Resource Balancing                        ; On                 ; On                 ;
; Ignore translate_off and synthesis_off directives                          ; Off                ; Off                ;
; Timing-Driven Synthesis                                                    ; On                 ; On                 ;
; Report Parameter Settings                                                  ; On                 ; On                 ;
; Report Source Assignments                                                  ; On                 ; On                 ;
; Report Connectivity Checks                                                 ; On                 ; On                 ;
; Ignore Maximum Fan-Out Assignments                                         ; Off                ; Off                ;
; Synchronization Register Chain Length                                      ; 2                  ; 2                  ;
; PowerPlay Power Optimization During Synthesis                              ; Normal compilation ; Normal compilation ;
; HDL message level                                                          ; Level2             ; Level2             ;
; Suppress Register Optimization Related Messages                            ; Off                ; Off                ;
; Number of Removed Registers Reported in Synthesis Report                   ; 5000               ; 5000               ;
; Number of Swept Nodes Reported in Synthesis Report                         ; 5000               ; 5000               ;
; Number of Inverted Registers Reported in Synthesis Report                  ; 100                ; 100                ;
; Clock MUX Protection                                                       ; On                 ; On                 ;
; Auto Gated Clock Conversion                                                ; Off                ; Off                ;
; Block Design Naming                                                        ; Auto               ; Auto               ;
; SDC constraint protection                                                  ; Off                ; Off                ;
; Synthesis Effort                                                           ; Auto               ; Auto               ;
; Shift Register Replacement - Allow Asynchronous Clear Signal               ; On                 ; On                 ;
; Pre-Mapping Resynthesis Optimization                                       ; Off                ; Off                ;
; Analysis & Synthesis Message Level                                         ; Medium             ; Medium             ;
; Disable Register Merging Across Hierarchies                                ; Auto               ; Auto               ;
; Resource Aware Inference For Block RAM                                     ; On                 ; On                 ;
; Synthesis Seed                                                             ; 1                  ; 1                  ;
+----------------------------------------------------------------------------+--------------------+--------------------+


+------------------------------------------+
; Parallel Compilation                     ;
+----------------------------+-------------+
; Processors                 ; Number      ;
+----------------------------+-------------+
; Number detected on machine ; 12          ;
; Maximum allowed            ; 12          ;
;                            ;             ;
; Average used               ; 1.00        ;
; Maximum used               ; 8           ;
;                            ;             ;
; Usage by Processor         ; % Time Used ;
;     Processor 1            ; 100.0%      ;
;     Processors 2-8         ; < 0.1%      ;
;     Processors 9-12        ;   0.0%      ;
+----------------------------+-------------+


+--------------------------------------------------------------------------------------------------------------------------------------------------------------------------+
; Analysis & Synthesis Source Files Read                                                                                                                                   ;
+----------------------------------+-----------------+------------------------------+----------------------------------------------------------------------------+---------+
; File Name with User-Entered Path ; Used in Netlist ; File Type                    ; File Name with Absolute Path                                               ; Library ;
+----------------------------------+-----------------+------------------------------+----------------------------------------------------------------------------+---------+
; ../rtl/top_seg595.v              ; yes             ; User Verilog HDL File        ; G:/FPGA_learning/Library/IIC/iic_eeprom/rtl/top_seg595.v                   ;         ;
; ../rtl/hc595_ctrl.v              ; yes             ; User Verilog HDL File        ; G:/FPGA_learning/Library/IIC/iic_eeprom/rtl/hc595_ctrl.v                   ;         ;
; ../rtl/data_trans.v              ; yes             ; User Verilog HDL File        ; G:/FPGA_learning/Library/IIC/iic_eeprom/rtl/data_trans.v                   ;         ;
; ../rtl/iic_eeprom.v              ; yes             ; User Verilog HDL File        ; G:/FPGA_learning/Library/IIC/iic_eeprom/rtl/iic_eeprom.v                   ;         ;
; ../rtl/key_filter.v              ; yes             ; User Verilog HDL File        ; G:/FPGA_learning/Library/IIC/iic_eeprom/rtl/key_filter.v                   ;         ;
; ../rtl/iic_ctrl.v                ; yes             ; User Verilog HDL File        ; G:/FPGA_learning/Library/IIC/iic_eeprom/rtl/iic_ctrl.v                     ;         ;
; ip_core/FIFO/FIFO.v              ; yes             ; User Wizard-Generated File   ; G:/FPGA_learning/Library/IIC/iic_eeprom/quartus_prj/ip_core/FIFO/FIFO.v    ;         ;
; scfifo.tdf                       ; yes             ; Megafunction                 ; d:/fpga/quartus 2/quartus/libraries/megafunctions/scfifo.tdf               ;         ;
; a_regfifo.inc                    ; yes             ; Megafunction                 ; d:/fpga/quartus 2/quartus/libraries/megafunctions/a_regfifo.inc            ;         ;
; a_dpfifo.inc                     ; yes             ; Megafunction                 ; d:/fpga/quartus 2/quartus/libraries/megafunctions/a_dpfifo.inc             ;         ;
; a_i2fifo.inc                     ; yes             ; Megafunction                 ; d:/fpga/quartus 2/quartus/libraries/megafunctions/a_i2fifo.inc             ;         ;
; a_fffifo.inc                     ; yes             ; Megafunction                 ; d:/fpga/quartus 2/quartus/libraries/megafunctions/a_fffifo.inc             ;         ;
; a_f2fifo.inc                     ; yes             ; Megafunction                 ; d:/fpga/quartus 2/quartus/libraries/megafunctions/a_f2fifo.inc             ;         ;
; aglobal150.inc                   ; yes             ; Megafunction                 ; d:/fpga/quartus 2/quartus/libraries/megafunctions/aglobal150.inc           ;         ;
; db/scfifo_8121.tdf               ; yes             ; Auto-Generated Megafunction  ; G:/FPGA_learning/Library/IIC/iic_eeprom/quartus_prj/db/scfifo_8121.tdf     ;         ;
; db/a_dpfifo_f721.tdf             ; yes             ; Auto-Generated Megafunction  ; G:/FPGA_learning/Library/IIC/iic_eeprom/quartus_prj/db/a_dpfifo_f721.tdf   ;         ;
; db/a_fefifo_66e.tdf              ; yes             ; Auto-Generated Megafunction  ; G:/FPGA_learning/Library/IIC/iic_eeprom/quartus_prj/db/a_fefifo_66e.tdf    ;         ;
; db/cntr_co7.tdf                  ; yes             ; Auto-Generated Megafunction  ; G:/FPGA_learning/Library/IIC/iic_eeprom/quartus_prj/db/cntr_co7.tdf        ;         ;
; db/dpram_1711.tdf                ; yes             ; Auto-Generated Megafunction  ; G:/FPGA_learning/Library/IIC/iic_eeprom/quartus_prj/db/dpram_1711.tdf      ;         ;
; db/altsyncram_k0k1.tdf           ; yes             ; Auto-Generated Megafunction  ; G:/FPGA_learning/Library/IIC/iic_eeprom/quartus_prj/db/altsyncram_k0k1.tdf ;         ;
; db/cntr_0ob.tdf                  ; yes             ; Auto-Generated Megafunction  ; G:/FPGA_learning/Library/IIC/iic_eeprom/quartus_prj/db/cntr_0ob.tdf        ;         ;
+----------------------------------+-----------------+------------------------------+----------------------------------------------------------------------------+---------+


+---------------------------------------------------------+
; Analysis & Synthesis Resource Usage Summary             ;
+---------------------------------------------+-----------+
; Resource                                    ; Usage     ;
+---------------------------------------------+-----------+
; Estimated Total logic elements              ; 540       ;
;                                             ;           ;
; Total combinational functions               ; 505       ;
; Logic element usage by number of LUT inputs ;           ;
;     -- 4 input functions                    ; 225       ;
;     -- 3 input functions                    ; 81        ;
;     -- <=2 input functions                  ; 199       ;
;                                             ;           ;
; Logic elements by mode                      ;           ;
;     -- normal mode                          ; 359       ;
;     -- arithmetic mode                      ; 146       ;
;                                             ;           ;
; Total registers                             ; 331       ;
;     -- Dedicated logic registers            ; 331       ;
;     -- I/O registers                        ; 0         ;
;                                             ;           ;
; I/O pins                                    ; 11        ;
; Total memory bits                           ; 256       ;
;                                             ;           ;
; Embedded Multiplier 9-bit elements          ; 0         ;
;                                             ;           ;
; Maximum fan-out node                        ; clk~input ;
; Maximum fan-out                             ; 339       ;
; Total fan-out                               ; 2878      ;
; Average fan-out                             ; 3.32      ;
+---------------------------------------------+-----------+


+--------------------------------------------------------------------------------------------------------------------------------------------------------------------------------------------------------------------------------------------------------------------------------------------------------------------------------+
; Analysis & Synthesis Resource Utilization by Entity                                                                                                                                                                                                                                                                            ;
+-------------------------------------------------+-------------------+--------------+-------------+--------------+---------+-----------+------+--------------+---------------------------------------------------------------------------------------------------------------------------------------------------+--------------+
; Compilation Hierarchy Node                      ; LC Combinationals ; LC Registers ; Memory Bits ; DSP Elements ; DSP 9x9 ; DSP 18x18 ; Pins ; Virtual Pins ; Full Hierarchy Name                                                                                                                               ; Library Name ;
+-------------------------------------------------+-------------------+--------------+-------------+--------------+---------+-----------+------+--------------+---------------------------------------------------------------------------------------------------------------------------------------------------+--------------+
; |iic_eeprom                                     ; 505 (122)         ; 331 (82)     ; 256         ; 0            ; 0       ; 0         ; 11   ; 0            ; |iic_eeprom                                                                                                                                       ; work         ;
;    |FIFO:FIFO_inst|                             ; 24 (0)            ; 17 (0)       ; 256         ; 0            ; 0       ; 0         ; 0    ; 0            ; |iic_eeprom|FIFO:FIFO_inst                                                                                                                        ; work         ;
;       |scfifo:scfifo_component|                 ; 24 (0)            ; 17 (0)       ; 256         ; 0            ; 0       ; 0         ; 0    ; 0            ; |iic_eeprom|FIFO:FIFO_inst|scfifo:scfifo_component                                                                                                ; work         ;
;          |scfifo_8121:auto_generated|           ; 24 (0)            ; 17 (0)       ; 256         ; 0            ; 0       ; 0         ; 0    ; 0            ; |iic_eeprom|FIFO:FIFO_inst|scfifo:scfifo_component|scfifo_8121:auto_generated                                                                     ; work         ;
;             |a_dpfifo_f721:dpfifo|              ; 24 (2)            ; 17 (0)       ; 256         ; 0            ; 0       ; 0         ; 0    ; 0            ; |iic_eeprom|FIFO:FIFO_inst|scfifo:scfifo_component|scfifo_8121:auto_generated|a_dpfifo_f721:dpfifo                                                ; work         ;
;                |a_fefifo_66e:fifo_state|        ; 12 (7)            ; 7 (2)        ; 0           ; 0            ; 0       ; 0         ; 0    ; 0            ; |iic_eeprom|FIFO:FIFO_inst|scfifo:scfifo_component|scfifo_8121:auto_generated|a_dpfifo_f721:dpfifo|a_fefifo_66e:fifo_state                        ; work         ;
;                   |cntr_co7:count_usedw|        ; 5 (5)             ; 5 (5)        ; 0           ; 0            ; 0       ; 0         ; 0    ; 0            ; |iic_eeprom|FIFO:FIFO_inst|scfifo:scfifo_component|scfifo_8121:auto_generated|a_dpfifo_f721:dpfifo|a_fefifo_66e:fifo_state|cntr_co7:count_usedw   ; work         ;
;                |cntr_0ob:rd_ptr_count|          ; 5 (5)             ; 5 (5)        ; 0           ; 0            ; 0       ; 0         ; 0    ; 0            ; |iic_eeprom|FIFO:FIFO_inst|scfifo:scfifo_component|scfifo_8121:auto_generated|a_dpfifo_f721:dpfifo|cntr_0ob:rd_ptr_count                          ; work         ;
;                |cntr_0ob:wr_ptr|                ; 5 (5)             ; 5 (5)        ; 0           ; 0            ; 0       ; 0         ; 0    ; 0            ; |iic_eeprom|FIFO:FIFO_inst|scfifo:scfifo_component|scfifo_8121:auto_generated|a_dpfifo_f721:dpfifo|cntr_0ob:wr_ptr                                ; work         ;
;                |dpram_1711:FIFOram|             ; 0 (0)             ; 0 (0)        ; 256         ; 0            ; 0       ; 0         ; 0    ; 0            ; |iic_eeprom|FIFO:FIFO_inst|scfifo:scfifo_component|scfifo_8121:auto_generated|a_dpfifo_f721:dpfifo|dpram_1711:FIFOram                             ; work         ;
;                   |altsyncram_k0k1:altsyncram1| ; 0 (0)             ; 0 (0)        ; 256         ; 0            ; 0       ; 0         ; 0    ; 0            ; |iic_eeprom|FIFO:FIFO_inst|scfifo:scfifo_component|scfifo_8121:auto_generated|a_dpfifo_f721:dpfifo|dpram_1711:FIFOram|altsyncram_k0k1:altsyncram1 ; work         ;
;    |iic_ctrl:iic_ctrl_inst|                     ; 111 (111)         ; 46 (46)      ; 0           ; 0            ; 0       ; 0         ; 0    ; 0            ; |iic_eeprom|iic_ctrl:iic_ctrl_inst                                                                                                                ; work         ;
;    |key_filter:key_filter_inst_rd|              ; 28 (28)           ; 21 (21)      ; 0           ; 0            ; 0       ; 0         ; 0    ; 0            ; |iic_eeprom|key_filter:key_filter_inst_rd                                                                                                         ; work         ;
;    |key_filter:key_filter_inst_wr|              ; 28 (28)           ; 21 (21)      ; 0           ; 0            ; 0       ; 0         ; 0    ; 0            ; |iic_eeprom|key_filter:key_filter_inst_wr                                                                                                         ; work         ;
;    |top_seg595:top_seg595_inst|                 ; 192 (0)           ; 144 (0)      ; 0           ; 0            ; 0       ; 0         ; 0    ; 0            ; |iic_eeprom|top_seg595:top_seg595_inst                                                                                                            ; work         ;
;       |data_trans:data_trans_inst|              ; 170 (170)         ; 134 (134)    ; 0           ; 0            ; 0       ; 0         ; 0    ; 0            ; |iic_eeprom|top_seg595:top_seg595_inst|data_trans:data_trans_inst                                                                                 ; work         ;
;       |hc595_ctrl:hc595_ctrl_inst|              ; 22 (22)           ; 10 (10)      ; 0           ; 0            ; 0       ; 0         ; 0    ; 0            ; |iic_eeprom|top_seg595:top_seg595_inst|hc595_ctrl:hc595_ctrl_inst                                                                                 ; work         ;
+-------------------------------------------------+-------------------+--------------+-------------+--------------+---------+-----------+------+--------------+---------------------------------------------------------------------------------------------------------------------------------------------------+--------------+
Note: For table entries with two numbers listed, the numbers in parentheses indicate the number of resources of the given type used by the specific entity alone. The numbers listed outside of parentheses indicate the total resources of the given type used by the specific entity and all of its sub-entities in the hierarchy.


+------------------------------------------------------------------------------------------------------------------------------------------------------------------------------------------------------------------------------------------------------+
; Analysis & Synthesis RAM Summary                                                                                                                                                                                                                     ;
+--------------------------------------------------------------------------------------------------------------------------------------------------+------+------------------+--------------+--------------+--------------+--------------+------+------+
; Name                                                                                                                                             ; Type ; Mode             ; Port A Depth ; Port A Width ; Port B Depth ; Port B Width ; Size ; MIF  ;
+--------------------------------------------------------------------------------------------------------------------------------------------------+------+------------------+--------------+--------------+--------------+--------------+------+------+
; FIFO:FIFO_inst|scfifo:scfifo_component|scfifo_8121:auto_generated|a_dpfifo_f721:dpfifo|dpram_1711:FIFOram|altsyncram_k0k1:altsyncram1|ALTSYNCRAM ; AUTO ; Simple Dual Port ; 32           ; 8            ; 32           ; 8            ; 256  ; None ;
+--------------------------------------------------------------------------------------------------------------------------------------------------+------+------------------+--------------+--------------+--------------+--------------+------+------+


+------------------------------------------------------------------------------------------------------------------+
; Analysis & Synthesis IP Cores Summary                                                                            ;
+--------+--------------+---------+--------------+--------------+----------------------------+---------------------+
; Vendor ; IP Core Name ; Version ; Release Date ; License Type ; Entity Instance            ; IP Include File     ;
+--------+--------------+---------+--------------+--------------+----------------------------+---------------------+
; Altera ; FIFO         ; 15.0    ; N/A          ; N/A          ; |iic_eeprom|FIFO:FIFO_inst ; ip_core/FIFO/FIFO.v ;
+--------+--------------+---------+--------------+--------------+----------------------------+---------------------+


Encoding Type:  One-Hot
+---------------------------------------------------------------------------------------------------------------------------------------------------------------------------------------------------------------------------------------------------------------------------------+
; State Machine - |iic_eeprom|iic_ctrl:iic_ctrl_inst|state                                                                                                                                                                                                                        ;
+----------------------+------------+---------------+------------+-------------------+--------------+------------+------------+---------------+------------+----------------------+------------+----------------------+------------+-------------------+-------------+------------+
; Name                 ; state.NACK ; state.RD_DATA ; state.ACK5 ; state.RD_DEV_ADDR ; state.START2 ; state.STOP ; state.ACK4 ; state.WR_DATA ; state.ACK3 ; state.WR_DATA_ADDR_L ; state.ACK2 ; state.WR_DATA_ADDR_H ; state.ACK1 ; state.WR_DEV_ADDR ; state.START ; state.IDLE ;
+----------------------+------------+---------------+------------+-------------------+--------------+------------+------------+---------------+------------+----------------------+------------+----------------------+------------+-------------------+-------------+------------+
; state.IDLE           ; 0          ; 0             ; 0          ; 0                 ; 0            ; 0          ; 0          ; 0             ; 0          ; 0                    ; 0          ; 0                    ; 0          ; 0                 ; 0           ; 0          ;
; state.START          ; 0          ; 0             ; 0          ; 0                 ; 0            ; 0          ; 0          ; 0             ; 0          ; 0                    ; 0          ; 0                    ; 0          ; 0                 ; 1           ; 1          ;
; state.WR_DEV_ADDR    ; 0          ; 0             ; 0          ; 0                 ; 0            ; 0          ; 0          ; 0             ; 0          ; 0                    ; 0          ; 0                    ; 0          ; 1                 ; 0           ; 1          ;
; state.ACK1           ; 0          ; 0             ; 0          ; 0                 ; 0            ; 0          ; 0          ; 0             ; 0          ; 0                    ; 0          ; 0                    ; 1          ; 0                 ; 0           ; 1          ;
; state.WR_DATA_ADDR_H ; 0          ; 0             ; 0          ; 0                 ; 0            ; 0          ; 0          ; 0             ; 0          ; 0                    ; 0          ; 1                    ; 0          ; 0                 ; 0           ; 1          ;
; state.ACK2           ; 0          ; 0             ; 0          ; 0                 ; 0            ; 0          ; 0          ; 0             ; 0          ; 0                    ; 1          ; 0                    ; 0          ; 0                 ; 0           ; 1          ;
; state.WR_DATA_ADDR_L ; 0          ; 0             ; 0          ; 0                 ; 0            ; 0          ; 0          ; 0             ; 0          ; 1                    ; 0          ; 0                    ; 0          ; 0                 ; 0           ; 1          ;
; state.ACK3           ; 0          ; 0             ; 0          ; 0                 ; 0            ; 0          ; 0          ; 0             ; 1          ; 0                    ; 0          ; 0                    ; 0          ; 0                 ; 0           ; 1          ;
; state.WR_DATA        ; 0          ; 0             ; 0          ; 0                 ; 0            ; 0          ; 0          ; 1             ; 0          ; 0                    ; 0          ; 0                    ; 0          ; 0                 ; 0           ; 1          ;
; state.ACK4           ; 0          ; 0             ; 0          ; 0                 ; 0            ; 0          ; 1          ; 0             ; 0          ; 0                    ; 0          ; 0                    ; 0          ; 0                 ; 0           ; 1          ;
; state.STOP           ; 0          ; 0             ; 0          ; 0                 ; 0            ; 1          ; 0          ; 0             ; 0          ; 0                    ; 0          ; 0                    ; 0          ; 0                 ; 0           ; 1          ;
; state.START2         ; 0          ; 0             ; 0          ; 0                 ; 1            ; 0          ; 0          ; 0             ; 0          ; 0                    ; 0          ; 0                    ; 0          ; 0                 ; 0           ; 1          ;
; state.RD_DEV_ADDR    ; 0          ; 0             ; 0          ; 1                 ; 0            ; 0          ; 0          ; 0             ; 0          ; 0                    ; 0          ; 0                    ; 0          ; 0                 ; 0           ; 1          ;
; state.ACK5           ; 0          ; 0             ; 1          ; 0                 ; 0            ; 0          ; 0          ; 0             ; 0          ; 0                    ; 0          ; 0                    ; 0          ; 0                 ; 0           ; 1          ;
; state.RD_DATA        ; 0          ; 1             ; 0          ; 0                 ; 0            ; 0          ; 0          ; 0             ; 0          ; 0                    ; 0          ; 0                    ; 0          ; 0                 ; 0           ; 1          ;
; state.NACK           ; 1          ; 0             ; 0          ; 0                 ; 0            ; 0          ; 0          ; 0             ; 0          ; 0                    ; 0          ; 0                    ; 0          ; 0                 ; 0           ; 1          ;
+----------------------+------------+---------------+------------+-------------------+--------------+------------+------------+---------------+------------+----------------------+------------+----------------------+------------+-------------------+-------------+------------+


+-------------------------------------------------------------------------------------------------------------------------------------------------+
; Registers Removed During Synthesis                                                                                                              ;
+------------------------------------------------------------------+------------------------------------------------------------------------------+
; Register name                                                    ; Reason for Removal                                                           ;
+------------------------------------------------------------------+------------------------------------------------------------------------------+
; top_seg595:top_seg595_inst|data_trans:data_trans_inst|shift_en   ; Merged with top_seg595:top_seg595_inst|hc595_ctrl:hc595_ctrl_inst|cnt_clk[0] ;
; iic_ctrl:iic_ctrl_inst|state~4                                   ; Lost fanout                                                                  ;
; iic_ctrl:iic_ctrl_inst|state~5                                   ; Lost fanout                                                                  ;
; iic_ctrl:iic_ctrl_inst|state~6                                   ; Lost fanout                                                                  ;
; iic_ctrl:iic_ctrl_inst|state~7                                   ; Lost fanout                                                                  ;
; top_seg595:top_seg595_inst|data_trans:data_trans_inst|cnt_clk[0] ; Merged with top_seg595:top_seg595_inst|hc595_ctrl:hc595_ctrl_inst|cnt_clk[0] ;
; Total Number of Removed Registers = 6                            ;                                                                              ;
+------------------------------------------------------------------+------------------------------------------------------------------------------+


+------------------------------------------------------+
; General Register Statistics                          ;
+----------------------------------------------+-------+
; Statistic                                    ; Value ;
+----------------------------------------------+-------+
; Total registers                              ; 331   ;
; Number of registers using Synchronous Clear  ; 99    ;
; Number of registers using Synchronous Load   ; 24    ;
; Number of registers using Asynchronous Clear ; 287   ;
; Number of registers using Asynchronous Load  ; 0     ;
; Number of registers using Clock Enable       ; 136   ;
; Number of registers using Preset             ; 0     ;
+----------------------------------------------+-------+


+-----------------------------------------------------------------------------+
; Inverted Register Statistics                                                ;
+-------------------------------------------------------------------+---------+
; Inverted Register                                                 ; Fan out ;
+-------------------------------------------------------------------+---------+
; top_seg595:top_seg595_inst|hc595_ctrl:hc595_ctrl_inst|oe          ; 1       ;
; top_seg595:top_seg595_inst|data_trans:data_trans_inst|seg[3]      ; 1       ;
; top_seg595:top_seg595_inst|data_trans:data_trans_inst|seg[4]      ; 1       ;
; top_seg595:top_seg595_inst|data_trans:data_trans_inst|seg[5]      ; 1       ;
; top_seg595:top_seg595_inst|data_trans:data_trans_inst|seg[2]      ; 1       ;
; top_seg595:top_seg595_inst|data_trans:data_trans_inst|seg[7]      ; 1       ;
; top_seg595:top_seg595_inst|data_trans:data_trans_inst|seg[6]      ; 1       ;
; top_seg595:top_seg595_inst|data_trans:data_trans_inst|seg[1]      ; 1       ;
; top_seg595:top_seg595_inst|data_trans:data_trans_inst|seg[0]      ; 1       ;
; top_seg595:top_seg595_inst|data_trans:data_trans_inst|disp_num[0] ; 7       ;
; top_seg595:top_seg595_inst|data_trans:data_trans_inst|disp_num[1] ; 8       ;
; top_seg595:top_seg595_inst|data_trans:data_trans_inst|disp_num[2] ; 8       ;
; iic_ctrl:iic_ctrl_inst|sda_reg                                    ; 2       ;
; iic_ctrl:iic_ctrl_inst|sda_en                                     ; 2       ;
; Total number of inverted registers = 14                           ;         ;
+-------------------------------------------------------------------+---------+


+------------------------------------------------------------------------------------------------------------------------------------------------------------------------------------------------+
; Multiplexer Restructuring Statistics (Restructuring Performed)                                                                                                                                 ;
+--------------------+-----------+---------------+----------------------+------------------------+------------+----------------------------------------------------------------------------------+
; Multiplexer Inputs ; Bus Width ; Baseline Area ; Area if Restructured ; Saving if Restructured ; Registered ; Example Multiplexer Output                                                       ;
+--------------------+-----------+---------------+----------------------+------------------------+------------+----------------------------------------------------------------------------------+
; 3:1                ; 11 bits   ; 22 LEs        ; 11 LEs               ; 11 LEs                 ; Yes        ; |iic_eeprom|iic_ctrl:iic_ctrl_inst|scl_cnt[5]                                    ;
; 3:1                ; 4 bits    ; 8 LEs         ; 4 LEs                ; 4 LEs                  ; Yes        ; |iic_eeprom|top_seg595:top_seg595_inst|hc595_ctrl:hc595_ctrl_inst|cnt_bit[1]     ;
; 3:1                ; 4 bits    ; 8 LEs         ; 4 LEs                ; 4 LEs                  ; Yes        ; |iic_eeprom|iic_ctrl:iic_ctrl_inst|cnt_bit[0]                                    ;
; 3:1                ; 8 bits    ; 16 LEs        ; 8 LEs                ; 8 LEs                  ; Yes        ; |iic_eeprom|data[5]                                                              ;
; 3:1                ; 16 bits   ; 32 LEs        ; 16 LEs               ; 16 LEs                 ; Yes        ; |iic_eeprom|addr[13]                                                             ;
; 3:1                ; 22 bits   ; 44 LEs        ; 22 LEs               ; 22 LEs                 ; Yes        ; |iic_eeprom|cnt_50ms[6]                                                          ;
; 3:1                ; 3 bits    ; 6 LEs         ; 3 LEs                ; 3 LEs                  ; Yes        ; |iic_eeprom|top_seg595:top_seg595_inst|data_trans:data_trans_inst|cnt_sel[1]     ;
; 3:1                ; 20 bits   ; 40 LEs        ; 20 LEs               ; 20 LEs                 ; Yes        ; |iic_eeprom|key_filter:key_filter_inst_wr|cnt_20ms[16]                           ;
; 3:1                ; 20 bits   ; 40 LEs        ; 20 LEs               ; 20 LEs                 ; Yes        ; |iic_eeprom|key_filter:key_filter_inst_rd|cnt_20ms[14]                           ;
; 3:1                ; 12 bits   ; 24 LEs        ; 12 LEs               ; 12 LEs                 ; Yes        ; |iic_eeprom|top_seg595:top_seg595_inst|data_trans:data_trans_inst|data_shift[15] ;
; 3:1                ; 7 bits    ; 14 LEs        ; 7 LEs                ; 7 LEs                  ; Yes        ; |iic_eeprom|top_seg595:top_seg595_inst|data_trans:data_trans_inst|data_shift[6]  ;
; 3:1                ; 4 bits    ; 8 LEs         ; 4 LEs                ; 4 LEs                  ; Yes        ; |iic_eeprom|top_seg595:top_seg595_inst|data_trans:data_trans_inst|data_reg[17]   ;
; 4:1                ; 26 bits   ; 52 LEs        ; 26 LEs               ; 26 LEs                 ; Yes        ; |iic_eeprom|cnt_1s[18]                                                           ;
; 4:1                ; 4 bits    ; 8 LEs         ; 4 LEs                ; 4 LEs                  ; Yes        ; |iic_eeprom|cnt_data[1]                                                          ;
; 4:1                ; 4 bits    ; 8 LEs         ; 4 LEs                ; 4 LEs                  ; Yes        ; |iic_eeprom|top_seg595:top_seg595_inst|data_trans:data_trans_inst|data_reg[15]   ;
; 5:1                ; 4 bits    ; 12 LEs        ; 4 LEs                ; 8 LEs                  ; Yes        ; |iic_eeprom|top_seg595:top_seg595_inst|data_trans:data_trans_inst|data_reg[11]   ;
; 5:1                ; 4 bits    ; 12 LEs        ; 8 LEs                ; 4 LEs                  ; Yes        ; |iic_eeprom|top_seg595:top_seg595_inst|data_trans:data_trans_inst|data_shift[42] ;
; 5:1                ; 4 bits    ; 12 LEs        ; 8 LEs                ; 4 LEs                  ; Yes        ; |iic_eeprom|top_seg595:top_seg595_inst|data_trans:data_trans_inst|data_shift[37] ;
; 5:1                ; 4 bits    ; 12 LEs        ; 8 LEs                ; 4 LEs                  ; Yes        ; |iic_eeprom|top_seg595:top_seg595_inst|data_trans:data_trans_inst|data_shift[35] ;
; 5:1                ; 4 bits    ; 12 LEs        ; 8 LEs                ; 4 LEs                  ; Yes        ; |iic_eeprom|top_seg595:top_seg595_inst|data_trans:data_trans_inst|data_shift[30] ;
; 5:1                ; 4 bits    ; 12 LEs        ; 8 LEs                ; 4 LEs                  ; Yes        ; |iic_eeprom|top_seg595:top_seg595_inst|data_trans:data_trans_inst|data_shift[24] ;
; 5:1                ; 4 bits    ; 12 LEs        ; 8 LEs                ; 4 LEs                  ; Yes        ; |iic_eeprom|top_seg595:top_seg595_inst|data_trans:data_trans_inst|data_shift[23] ;
; 6:1                ; 4 bits    ; 16 LEs        ; 4 LEs                ; 12 LEs                 ; Yes        ; |iic_eeprom|top_seg595:top_seg595_inst|data_trans:data_trans_inst|data_reg[4]    ;
; 7:1                ; 4 bits    ; 16 LEs        ; 4 LEs                ; 12 LEs                 ; Yes        ; |iic_eeprom|top_seg595:top_seg595_inst|data_trans:data_trans_inst|data_reg[0]    ;
; 8:1                ; 3 bits    ; 15 LEs        ; 12 LEs               ; 3 LEs                  ; Yes        ; |iic_eeprom|top_seg595:top_seg595_inst|data_trans:data_trans_inst|disp_num[0]    ;
+--------------------+-----------+---------------+----------------------+------------------------+------------+----------------------------------------------------------------------------------+


+--------------------------------------------------------------------------------------------------------------------------------------------------------------+
; Source assignments for FIFO:FIFO_inst|scfifo:scfifo_component|scfifo_8121:auto_generated|a_dpfifo_f721:dpfifo|dpram_1711:FIFOram|altsyncram_k0k1:altsyncram1 ;
+---------------------------------+--------------------+------+------------------------------------------------------------------------------------------------+
; Assignment                      ; Value              ; From ; To                                                                                             ;
+---------------------------------+--------------------+------+------------------------------------------------------------------------------------------------+
; OPTIMIZE_POWER_DURING_SYNTHESIS ; NORMAL_COMPILATION ; -    ; -                                                                                              ;
+---------------------------------+--------------------+------+------------------------------------------------------------------------------------------------+


+----------------------------------------------------------------------------+
; Parameter Settings for User Entity Instance: Top-level Entity: |iic_eeprom ;
+----------------+----------------------------+------------------------------+
; Parameter Name ; Value                      ; Type                         ;
+----------------+----------------------------+------------------------------+
; CNT_50MS_MAX   ; 1001100010010110011111     ; Unsigned Binary              ;
; CNT_1S_MAX     ; 10111110101111000001111111 ; Unsigned Binary              ;
+----------------+----------------------------+------------------------------+
Note: In order to hide this table in the UI and the text report file, please set the "Show Parameter Settings in Synthesis Report" option in "Analysis and Synthesis Settings -> More Settings" to "Off".


+-------------------------------------------------------------------------------------+
; Parameter Settings for User Entity Instance: FIFO:FIFO_inst|scfifo:scfifo_component ;
+-------------------------+--------------+--------------------------------------------+
; Parameter Name          ; Value        ; Type                                       ;
+-------------------------+--------------+--------------------------------------------+
; AUTO_CARRY_CHAINS       ; ON           ; AUTO_CARRY                                 ;
; IGNORE_CARRY_BUFFERS    ; OFF          ; IGNORE_CARRY                               ;
; AUTO_CASCADE_CHAINS     ; ON           ; AUTO_CASCADE                               ;
; IGNORE_CASCADE_BUFFERS  ; OFF          ; IGNORE_CASCADE                             ;
; lpm_width               ; 8            ; Signed Integer                             ;
; LPM_NUMWORDS            ; 32           ; Signed Integer                             ;
; LPM_WIDTHU              ; 5            ; Signed Integer                             ;
; LPM_SHOWAHEAD           ; OFF          ; Untyped                                    ;
; UNDERFLOW_CHECKING      ; ON           ; Untyped                                    ;
; OVERFLOW_CHECKING       ; ON           ; Untyped                                    ;
; ALLOW_RWCYCLE_WHEN_FULL ; OFF          ; Untyped                                    ;
; ADD_RAM_OUTPUT_REGISTER ; OFF          ; Untyped                                    ;
; ALMOST_FULL_VALUE       ; 0            ; Untyped                                    ;
; ALMOST_EMPTY_VALUE      ; 0            ; Untyped                                    ;
; USE_EAB                 ; ON           ; Untyped                                    ;
; MAXIMIZE_SPEED          ; 5            ; Untyped                                    ;
; DEVICE_FAMILY           ; Cyclone IV E ; Untyped                                    ;
; OPTIMIZE_FOR_SPEED      ; 5            ; Untyped                                    ;
; CBXI_PARAMETER          ; scfifo_8121  ; Untyped                                    ;
+-------------------------+--------------+--------------------------------------------+
Note: In order to hide this table in the UI and the text report file, please set the "Show Parameter Settings in Synthesis Report" option in "Analysis and Synthesis Settings -> More Settings" to "Off".


+----------------------------------------------------------------------------+
; Parameter Settings for User Entity Instance: key_filter:key_filter_inst_wr ;
+----------------+----------------------+------------------------------------+
; Parameter Name ; Value                ; Type                               ;
+----------------+----------------------+------------------------------------+
; CNT_MAX        ; 11110100001000111111 ; Unsigned Binary                    ;
+----------------+----------------------+------------------------------------+
Note: In order to hide this table in the UI and the text report file, please set the "Show Parameter Settings in Synthesis Report" option in "Analysis and Synthesis Settings -> More Settings" to "Off".


+----------------------------------------------------------------------------+
; Parameter Settings for User Entity Instance: key_filter:key_filter_inst_rd ;
+----------------+----------------------+------------------------------------+
; Parameter Name ; Value                ; Type                               ;
+----------------+----------------------+------------------------------------+
; CNT_MAX        ; 11110100001000111111 ; Unsigned Binary                    ;
+----------------+----------------------+------------------------------------+
Note: In order to hide this table in the UI and the text report file, please set the "Show Parameter Settings in Synthesis Report" option in "Analysis and Synthesis Settings -> More Settings" to "Off".


+----------------------------------------------------------------------+
; Parameter Settings for User Entity Instance: iic_ctrl:iic_ctrl_inst  ;
+-----------------+----------------------------------+-----------------+
; Parameter Name  ; Value                            ; Type            ;
+-----------------+----------------------------------+-----------------+
; DIV_FREQ        ; 0000110010                       ; Unsigned Binary ;
; QUART_MAX       ; 00000000000000000000000000001011 ; Unsigned Binary ;
; HALF_MAX        ; 00000000000000000000000000011000 ; Unsigned Binary ;
; THREE_QUART_MAX ; 00000000000000000000000000100100 ; Unsigned Binary ;
; EDGE_MAX        ; 00000000000000000000000000011010 ; Unsigned Binary ;
; IDLE            ; 0000                             ; Unsigned Binary ;
; START           ; 0001                             ; Unsigned Binary ;
; WR_DEV_ADDR     ; 0010                             ; Unsigned Binary ;
; ACK1            ; 0011                             ; Unsigned Binary ;
; WR_DATA_ADDR_H  ; 0100                             ; Unsigned Binary ;
; ACK2            ; 0101                             ; Unsigned Binary ;
; WR_DATA_ADDR_L  ; 0110                             ; Unsigned Binary ;
; ACK3            ; 0111                             ; Unsigned Binary ;
; WR_DATA         ; 1000                             ; Unsigned Binary ;
; ACK4            ; 1001                             ; Unsigned Binary ;
; STOP            ; 1010                             ; Unsigned Binary ;
; START2          ; 1011                             ; Unsigned Binary ;
; RD_DEV_ADDR     ; 1100                             ; Unsigned Binary ;
; ACK5            ; 1101                             ; Unsigned Binary ;
; RD_DATA         ; 1110                             ; Unsigned Binary ;
; NACK            ; 1111                             ; Unsigned Binary ;
+-----------------+----------------------------------+-----------------+
Note: In order to hide this table in the UI and the text report file, please set the "Show Parameter Settings in Synthesis Report" option in "Analysis and Synthesis Settings -> More Settings" to "Off".


+----------------------------------------------------------------------------------------------------+
; Parameter Settings for User Entity Instance: top_seg595:top_seg595_inst|data_trans:data_trans_inst ;
+----------------+------------------+----------------------------------------------------------------+
; Parameter Name ; Value            ; Type                                                           ;
+----------------+------------------+----------------------------------------------------------------+
; CNT_1MS_MAX    ; 1100001101010000 ; Unsigned Binary                                                ;
; ZERO           ; 1000000          ; Unsigned Binary                                                ;
; ONE            ; 1111001          ; Unsigned Binary                                                ;
; TWO            ; 0100100          ; Unsigned Binary                                                ;
; THREE          ; 0110000          ; Unsigned Binary                                                ;
; FOUR           ; 0011001          ; Unsigned Binary                                                ;
; FIVE           ; 0010010          ; Unsigned Binary                                                ;
; SIX            ; 0000010          ; Unsigned Binary                                                ;
; SENVEN         ; 1111000          ; Unsigned Binary                                                ;
; EIGHT          ; 0000000          ; Unsigned Binary                                                ;
; NING           ; 0010000          ; Unsigned Binary                                                ;
; SIGN           ; 10111111         ; Unsigned Binary                                                ;
; NONE           ; 11111111         ; Unsigned Binary                                                ;
+----------------+------------------+----------------------------------------------------------------+
Note: In order to hide this table in the UI and the text report file, please set the "Show Parameter Settings in Synthesis Report" option in "Analysis and Synthesis Settings -> More Settings" to "Off".


+---------------------------------------------------------------------+
; scfifo Parameter Settings by Entity Instance                        ;
+----------------------------+----------------------------------------+
; Name                       ; Value                                  ;
+----------------------------+----------------------------------------+
; Number of entity instances ; 1                                      ;
; Entity Instance            ; FIFO:FIFO_inst|scfifo:scfifo_component ;
;     -- FIFO Type           ; Single Clock                           ;
;     -- lpm_width           ; 8                                      ;
;     -- LPM_NUMWORDS        ; 32                                     ;
;     -- LPM_SHOWAHEAD       ; OFF                                    ;
;     -- USE_EAB             ; ON                                     ;
+----------------------------+----------------------------------------+


+--------------------------------------------------------+
; Port Connectivity Checks: "top_seg595:top_seg595_inst" ;
+-------------+-------+----------+-----------------------+
; Port        ; Type  ; Severity ; Details               ;
+-------------+-------+----------+-----------------------+
; data[19..8] ; Input ; Info     ; Stuck at GND          ;
; sign        ; Input ; Info     ; Stuck at GND          ;
; point       ; Input ; Info     ; Stuck at VCC          ;
+-------------+-------+----------+-----------------------+


+----------------------------------------------------+
; Port Connectivity Checks: "iic_ctrl:iic_ctrl_inst" ;
+----------------+-------+----------+----------------+
; Port           ; Type  ; Severity ; Details        ;
+----------------+-------+----------+----------------+
; dev_addr[1..0] ; Input ; Info     ; Stuck at VCC   ;
; dev_addr[3..2] ; Input ; Info     ; Stuck at GND   ;
; dev_addr[6]    ; Input ; Info     ; Stuck at VCC   ;
; dev_addr[5]    ; Input ; Info     ; Stuck at GND   ;
; dev_addr[4]    ; Input ; Info     ; Stuck at VCC   ;
; addr_num       ; Input ; Info     ; Stuck at VCC   ;
+----------------+-------+----------+----------------+


+-----------------------------------------------------+
; Post-Synthesis Netlist Statistics for Top Partition ;
+-----------------------+-----------------------------+
; Type                  ; Count                       ;
+-----------------------+-----------------------------+
; boundary_port         ; 11                          ;
; cycloneiii_ff         ; 331                         ;
;     CLR               ; 133                         ;
;     CLR SCLR          ; 33                          ;
;     ENA               ; 15                          ;
;     ENA CLR           ; 57                          ;
;     ENA CLR SCLR      ; 40                          ;
;     ENA CLR SLD       ; 24                          ;
;     SCLR              ; 26                          ;
;     plain             ; 3                           ;
; cycloneiii_io_obuf    ; 1                           ;
; cycloneiii_lcell_comb ; 507                         ;
;     arith             ; 146                         ;
;         2 data inputs ; 140                         ;
;         3 data inputs ; 6                           ;
;     normal            ; 361                         ;
;         0 data inputs ; 1                           ;
;         1 data inputs ; 16                          ;
;         2 data inputs ; 44                          ;
;         3 data inputs ; 75                          ;
;         4 data inputs ; 225                         ;
; cycloneiii_ram_block  ; 8                           ;
;                       ;                             ;
; Max LUT depth         ; 7.00                        ;
; Average LUT depth     ; 3.13                        ;
+-----------------------+-----------------------------+


+-------------------------------+
; Elapsed Time Per Partition    ;
+----------------+--------------+
; Partition Name ; Elapsed Time ;
+----------------+--------------+
; Top            ; 00:00:01     ;
+----------------+--------------+


+-------------------------------+
; Analysis & Synthesis Messages ;
+-------------------------------+
Info: *******************************************************************
Info: Running Quartus II 64-Bit Analysis & Synthesis
    Info: Version 15.0.0 Build 145 04/22/2015 SJ Full Version
    Info: Processing started: Tue Apr 05 18:06:28 2022
Info: Command: quartus_map --read_settings_files=on --write_settings_files=off iic_eeprom -c iic_eeprom
Info (20030): Parallel compilation is enabled and will use 12 of the 12 processors detected
Info (12021): Found 1 design units, including 1 entities, in source file /fpga_learning/library/iic/iic_eeprom/sim/tb_iic_eeprom.v
    Info (12023): Found entity 1: tb_iic_eeprom
Info (12021): Found 1 design units, including 1 entities, in source file /fpga_learning/library/iic/iic_eeprom/rtl/top_seg595.v
    Info (12023): Found entity 1: top_seg595
Info (12021): Found 1 design units, including 1 entities, in source file /fpga_learning/library/iic/iic_eeprom/rtl/hc595_ctrl.v
    Info (12023): Found entity 1: hc595_ctrl
Warning (10229): Verilog HDL Expression warning at data_trans.v(177): truncated literal to match 4 bits
Warning (10229): Verilog HDL Expression warning at data_trans.v(186): truncated literal to match 4 bits
Info (12021): Found 1 design units, including 1 entities, in source file /fpga_learning/library/iic/iic_eeprom/rtl/data_trans.v
    Info (12023): Found entity 1: data_trans
Info (12021): Found 1 design units, including 1 entities, in source file /fpga_learning/library/iic/iic_eeprom/rtl/iic_eeprom.v
    Info (12023): Found entity 1: iic_eeprom
Info (12021): Found 1 design units, including 1 entities, in source file /fpga_learning/library/iic/iic_eeprom/rtl/key_filter.v
    Info (12023): Found entity 1: key_filter
Info (12021): Found 1 design units, including 1 entities, in source file /fpga_learning/library/iic/iic_eeprom/sim/tb_iic_ctrl.v
    Info (12023): Found entity 1: tb_iic_ctrl
Info (12021): Found 1 design units, including 1 entities, in source file /fpga_learning/library/iic/iic_eeprom/rtl/iic_ctrl.v
    Info (12023): Found entity 1: iic_ctrl
Info (12021): Found 1 design units, including 1 entities, in source file ip_core/fifo/fifo.v
    Info (12023): Found entity 1: FIFO
Info (12127): Elaborating entity "iic_eeprom" for the top level hierarchy
Info (12128): Elaborating entity "FIFO" for hierarchy "FIFO:FIFO_inst"
Info (12128): Elaborating entity "scfifo" for hierarchy "FIFO:FIFO_inst|scfifo:scfifo_component"
Info (12130): Elaborated megafunction instantiation "FIFO:FIFO_inst|scfifo:scfifo_component"
Info (12133): Instantiated megafunction "FIFO:FIFO_inst|scfifo:scfifo_component" with the following parameter:
    Info (12134): Parameter "add_ram_output_register" = "OFF"
    Info (12134): Parameter "intended_device_family" = "Cyclone IV E"
    Info (12134): Parameter "lpm_numwords" = "32"
    Info (12134): Parameter "lpm_showahead" = "OFF"
    Info (12134): Parameter "lpm_type" = "scfifo"
    Info (12134): Parameter "lpm_width" = "8"
    Info (12134): Parameter "lpm_widthu" = "5"
    Info (12134): Parameter "overflow_checking" = "ON"
    Info (12134): Parameter "underflow_checking" = "ON"
    Info (12134): Parameter "use_eab" = "ON"
Info (12021): Found 1 design units, including 1 entities, in source file db/scfifo_8121.tdf
    Info (12023): Found entity 1: scfifo_8121
Info (12128): Elaborating entity "scfifo_8121" for hierarchy "FIFO:FIFO_inst|scfifo:scfifo_component|scfifo_8121:auto_generated"
Info (12021): Found 1 design units, including 1 entities, in source file db/a_dpfifo_f721.tdf
    Info (12023): Found entity 1: a_dpfifo_f721
Info (12128): Elaborating entity "a_dpfifo_f721" for hierarchy "FIFO:FIFO_inst|scfifo:scfifo_component|scfifo_8121:auto_generated|a_dpfifo_f721:dpfifo"
Info (12021): Found 1 design units, including 1 entities, in source file db/a_fefifo_66e.tdf
    Info (12023): Found entity 1: a_fefifo_66e
Info (12128): Elaborating entity "a_fefifo_66e" for hierarchy "FIFO:FIFO_inst|scfifo:scfifo_component|scfifo_8121:auto_generated|a_dpfifo_f721:dpfifo|a_fefifo_66e:fifo_state"
Info (12021): Found 1 design units, including 1 entities, in source file db/cntr_co7.tdf
    Info (12023): Found entity 1: cntr_co7
Info (12128): Elaborating entity "cntr_co7" for hierarchy "FIFO:FIFO_inst|scfifo:scfifo_component|scfifo_8121:auto_generated|a_dpfifo_f721:dpfifo|a_fefifo_66e:fifo_state|cntr_co7:count_usedw"
Info (12021): Found 1 design units, including 1 entities, in source file db/dpram_1711.tdf
    Info (12023): Found entity 1: dpram_1711
Info (12128): Elaborating entity "dpram_1711" for hierarchy "FIFO:FIFO_inst|scfifo:scfifo_component|scfifo_8121:auto_generated|a_dpfifo_f721:dpfifo|dpram_1711:FIFOram"
Info (12021): Found 1 design units, including 1 entities, in source file db/altsyncram_k0k1.tdf
    Info (12023): Found entity 1: altsyncram_k0k1
Info (12128): Elaborating entity "altsyncram_k0k1" for hierarchy "FIFO:FIFO_inst|scfifo:scfifo_component|scfifo_8121:auto_generated|a_dpfifo_f721:dpfifo|dpram_1711:FIFOram|altsyncram_k0k1:altsyncram1"
Info (12021): Found 1 design units, including 1 entities, in source file db/cntr_0ob.tdf
    Info (12023): Found entity 1: cntr_0ob
Info (12128): Elaborating entity "cntr_0ob" for hierarchy "FIFO:FIFO_inst|scfifo:scfifo_component|scfifo_8121:auto_generated|a_dpfifo_f721:dpfifo|cntr_0ob:rd_ptr_count"
Info (12128): Elaborating entity "key_filter" for hierarchy "key_filter:key_filter_inst_wr"
Info (12128): Elaborating entity "iic_ctrl" for hierarchy "iic_ctrl:iic_ctrl_inst"
Info (12128): Elaborating entity "top_seg595" for hierarchy "top_seg595:top_seg595_inst"
Info (12128): Elaborating entity "data_trans" for hierarchy "top_seg595:top_seg595_inst|data_trans:data_trans_inst"
Info (12128): Elaborating entity "hc595_ctrl" for hierarchy "top_seg595:top_seg595_inst|hc595_ctrl:hc595_ctrl_inst"
Info (13000): Registers with preset signals will power-up high
Info (13003): DEV_CLRn pin will set, and not reset, register with preset signal due to NOT Gate Push-Back
Info (286030): Timing-Driven Synthesis is running
Info (17049): 4 registers lost all their fanouts during netlist optimizations.
Info (144001): Generated suppressed messages file G:/FPGA_learning/Library/IIC/iic_eeprom/quartus_prj/output_files/iic_eeprom.map.smsg
Info (16010): Generating hard_block partition "hard_block:auto_generated_inst"
    Info (16011): Adding 0 node(s), including 0 DDIO, 0 PLL, 0 transceiver and 0 LCELL
Info (21057): Implemented 561 device resources after synthesis - the final resource count might be different
    Info (21058): Implemented 4 input pins
    Info (21059): Implemented 6 output pins
    Info (21060): Implemented 1 bidirectional pins
    Info (21061): Implemented 542 logic cells
    Info (21064): Implemented 8 RAM segments
Info: Quartus II 64-Bit Analysis & Synthesis was successful. 0 errors, 2 warnings
    Info: Peak virtual memory: 4899 megabytes
    Info: Processing ended: Tue Apr 05 18:06:38 2022
    Info: Elapsed time: 00:00:10
    Info: Total CPU time (on all processors): 00:00:20


+------------------------------------------+
; Analysis & Synthesis Suppressed Messages ;
+------------------------------------------+
The suppressed messages can be found in G:/FPGA_learning/Library/IIC/iic_eeprom/quartus_prj/output_files/iic_eeprom.map.smsg.


