# do {tb_touch_driver_compile.do}
# ** Warning: (vlib-34) Library already exists at "modelsim_lib/work".
# ** Warning: (vlib-34) Library already exists at "modelsim_lib/msim".
# ** Warning: (vlib-34) Library already exists at "modelsim_lib/msim/xil_defaultlib".
# Model Technology ModelSim SE-64 vmap 10.6d Lib Mapping Utility 2018.02 Feb 24 2018
# vmap xil_defaultlib modelsim_lib/msim/xil_defaultlib 
# Modifying D:\xilinx_FPGA_prj\modelsim_lib\modelsim.ini
# Model Technology ModelSim SE-64 vlog 10.6d Compiler 2018.02 Feb 24 2018
# Start time: 19:44:04 on Aug 15,2022
# vlog -incr -mfcu -work xil_defaultlib "+incdir+../../../../lcd_touchpad.gen/sources_1/ip/clk_wiz_0" "+incdir+../../../../lcd_touchpad.gen/sources_1/ip/clk_wiz_1" ../../../../../../rtl/touch_driver.v ../../../../../../sim/tb_touch_driver.v 
# -- Skipping module touch_driver
# -- Skipping module tb_touch_driver
# 
# Top level modules:
# 	tb_touch_driver
# End time: 19:44:04 on Aug 15,2022, Elapsed time: 0:00:00
# Errors: 0, Warnings: 0
# Model Technology ModelSim SE-64 vlog 10.6d Compiler 2018.02 Feb 24 2018
# Start time: 19:44:04 on Aug 15,2022
# vlog -work xil_defaultlib glbl.v 
# -- Compiling module glbl
# 
# Top level modules:
# 	glbl
# End time: 19:44:04 on Aug 15,2022, Elapsed time: 0:00:00
# Errors: 0, Warnings: 0
